2025-10-01 20:44:35.972 - INFO[56] - supervisor cmd: /DATA/dev_area/jamong/manage_pack/supervisor-kit/svctl status

2025-10-01 20:44:35.973 - INFO[58] - <<<<<<<<<<<<<<<<<<<<<<<<<<<<<< [ SVCTL LIST ] >>>>>>>>>>>>>>>>>>>>>>>>>>>>>>
2025-10-01 20:44:35.973 - INFO[60] - ------------------------------------------------------------------------------
2025-10-01 20:44:36.090 - INFO[86] - 	[  RUNNING  ]          ----->          print_time
2025-10-01 20:44:36.090 - INFO[98] - ------------------------------------------------------------------------------

2025-10-01 20:44:36.090 - INFO[45] - <<<<<<<<<<<<<<<<<<<<<<<<<<<<<< [ Docker LIST ] >>>>>>>>>>>>>>>>>>>>>>>>>>>>>>>
2025-10-01 20:44:36.090 - INFO[47] - ------------------------------------------------------------------------------
2025-10-01 20:44:36.122 - INFO[71] - 	[  RUNNING  ]          ----->          haproxy2.5
2025-10-01 20:44:36.122 - ERROR[75] - 	[!! ERROR !!]          ----->          former-jamong
2025-10-01 20:44:36.122 - INFO[80] - ------------------------------------------------------------------------------

2025-10-01 20:44:36.123 - INFO[39] - <<<<<<<<<<<<<<<<<<<<<<<<<<<<<< [ PROCESS LIST ] >>>>>>>>>>>>>>>>>>>>>>>>>>>>>>
2025-10-01 20:44:36.123 - INFO[42] - ------------------------------------------------------------------------------
2025-10-01 20:44:36.162 - INFO[58] - 	[  RUNNING  ]          ----->          sshd
2025-10-01 20:44:36.162 - INFO[78] - ------------------------------------------------------------------------------
2025-10-01 20:44:36.162 - INFO[75] - ==============================================================================
2025-10-01 20:44:36.162 - INFO[76] - 대상 서비스 개수 : 4
2025-10-01 20:44:36.162 - INFO[77] - 정상 실행 중인 서비스 개수 : 3
2025-10-01 20:44:36.162 - INFO[78] - 비정상 실행 중인 서비스 개수 : 1
2025-10-01 20:44:36.162 - INFO[79] - ==============================================================================
2025-10-01 20:47:59.548 - INFO[56] - supervisor cmd: /DATA/dev_area/jamong/manage_pack/supervisor-kit/svctl status

2025-10-01 20:47:59.548 - INFO[58] - <<<<<<<<<<<<<<<<<<<<<<<<<<<<<< [ SVCTL LIST ] >>>>>>>>>>>>>>>>>>>>>>>>>>>>>>
2025-10-01 20:47:59.548 - INFO[60] - ------------------------------------------------------------------------------
2025-10-01 20:47:59.657 - INFO[86] - 	[  RUNNING  ]          ----->          print_time
2025-10-01 20:47:59.657 - INFO[98] - ------------------------------------------------------------------------------

2025-10-01 20:47:59.657 - INFO[45] - <<<<<<<<<<<<<<<<<<<<<<<<<<<<<< [ Docker LIST ] >>>>>>>>>>>>>>>>>>>>>>>>>>>>>>>
2025-10-01 20:47:59.657 - INFO[47] - ------------------------------------------------------------------------------
2025-10-01 20:47:59.688 - INFO[71] - 	[  RUNNING  ]          ----->          haproxy2.5
2025-10-01 20:47:59.688 - ERROR[75] - 	[!! ERROR !!]          ----->          former-jamong
2025-10-01 20:47:59.688 - INFO[80] - ------------------------------------------------------------------------------

2025-10-01 20:47:59.688 - INFO[39] - <<<<<<<<<<<<<<<<<<<<<<<<<<<<<< [ PROCESS LIST ] >>>>>>>>>>>>>>>>>>>>>>>>>>>>>>
2025-10-01 20:47:59.689 - INFO[42] - ------------------------------------------------------------------------------
2025-10-01 20:47:59.726 - INFO[58] - 	[  RUNNING  ]          ----->          sshd
2025-10-01 20:47:59.727 - INFO[78] - ------------------------------------------------------------------------------
2025-10-01 20:47:59.727 - INFO[75] - ==============================================================================
2025-10-01 20:47:59.727 - INFO[76] - 대상 서비스 개수 : 4
2025-10-01 20:47:59.727 - INFO[77] - 정상 실행 중인 서비스 개수 : 3
2025-10-01 20:47:59.727 - INFO[78] - 비정상 실행 중인 서비스 개수 : 1
2025-10-01 20:47:59.727 - INFO[79] - ==============================================================================
2025-10-01 21:29:46.482 - INFO[56] - supervisor cmd: /DATA/dev_area/jamong/manage_pack/supervisor-kit/svctl status

2025-10-01 21:29:46.482 - INFO[58] - <<<<<<<<<<<<<<<<<<<<<<<<<<<<<< [ SVCTL LIST ] >>>>>>>>>>>>>>>>>>>>>>>>>>>>>>
2025-10-01 21:29:46.482 - INFO[60] - ------------------------------------------------------------------------------
2025-10-01 21:29:46.593 - INFO[86] - 	[  RUNNING  ]          ----->          print_time
2025-10-01 21:29:46.593 - INFO[98] - ------------------------------------------------------------------------------

2025-10-01 21:29:46.593 - INFO[45] - <<<<<<<<<<<<<<<<<<<<<<<<<<<<<< [ Docker LIST ] >>>>>>>>>>>>>>>>>>>>>>>>>>>>>>>
2025-10-01 21:29:46.593 - INFO[47] - ------------------------------------------------------------------------------
2025-10-01 21:29:46.625 - INFO[71] - 	[  RUNNING  ]          ----->          haproxy2.5
2025-10-01 21:29:46.625 - ERROR[75] - 	[!! ERROR !!]          ----->          former-jamong
2025-10-01 21:29:46.625 - INFO[80] - ------------------------------------------------------------------------------

2025-10-01 21:29:46.626 - INFO[39] - <<<<<<<<<<<<<<<<<<<<<<<<<<<<<< [ PROCESS LIST ] >>>>>>>>>>>>>>>>>>>>>>>>>>>>>>
2025-10-01 21:29:46.626 - INFO[42] - ------------------------------------------------------------------------------
2025-10-01 21:29:46.664 - INFO[58] - 	[  RUNNING  ]          ----->          sshd
2025-10-01 21:29:46.664 - INFO[78] - ------------------------------------------------------------------------------
2025-10-01 21:29:46.664 - INFO[75] - ==============================================================================
2025-10-01 21:29:46.664 - INFO[76] - 대상 서비스 개수 : 4
2025-10-01 21:29:46.664 - INFO[77] - 정상 실행 중인 서비스 개수 : 3
2025-10-01 21:29:46.664 - INFO[78] - 비정상 실행 중인 서비스 개수 : 1
2025-10-01 21:29:46.665 - INFO[79] - ==============================================================================
2025-10-01 21:32:03.490 - INFO[56] - supervisor cmd: /DATA/dev_area/jamong/manage_pack/supervisor-kit/svctl status

2025-10-01 21:32:03.490 - INFO[58] - <<<<<<<<<<<<<<<<<<<<<<<<<<<<<< [ SVCTL LIST ] >>>>>>>>>>>>>>>>>>>>>>>>>>>>>>
2025-10-01 21:32:03.490 - INFO[60] - ------------------------------------------------------------------------------
2025-10-01 21:32:03.601 - INFO[86] - 	[  RUNNING  ]          ----->          print_time
2025-10-01 21:32:03.602 - INFO[98] - ------------------------------------------------------------------------------

2025-10-01 21:32:03.602 - INFO[45] - <<<<<<<<<<<<<<<<<<<<<<<<<<<<<< [ Docker LIST ] >>>>>>>>>>>>>>>>>>>>>>>>>>>>>>>
2025-10-01 21:32:03.602 - INFO[47] - ------------------------------------------------------------------------------
2025-10-01 21:32:03.634 - INFO[71] - 	[  RUNNING  ]          ----->          haproxy2.5
2025-10-01 21:32:03.634 - ERROR[75] - 	[!! ERROR !!]          ----->          former-jamong
2025-10-01 21:32:03.634 - INFO[80] - ------------------------------------------------------------------------------

2025-10-01 21:32:03.634 - INFO[39] - <<<<<<<<<<<<<<<<<<<<<<<<<<<<<< [ PROCESS LIST ] >>>>>>>>>>>>>>>>>>>>>>>>>>>>>>
2025-10-01 21:32:03.634 - INFO[42] - ------------------------------------------------------------------------------
2025-10-01 21:32:03.672 - INFO[58] - 	[  RUNNING  ]          ----->          sshd
2025-10-01 21:32:03.672 - INFO[78] - ------------------------------------------------------------------------------
2025-10-01 21:32:03.672 - INFO[75] - ==============================================================================
2025-10-01 21:32:03.672 - INFO[76] - 대상 서비스 개수 : 4
2025-10-01 21:32:03.672 - INFO[77] - 정상 실행 중인 서비스 개수 : 3
2025-10-01 21:32:03.672 - INFO[78] - 비정상 실행 중인 서비스 개수 : 1
2025-10-01 21:32:03.672 - INFO[79] - ==============================================================================
2025-10-01 21:32:26.372 - INFO[56] - supervisor cmd: /DATA/dev_area/jamong/manage_pack/supervisor-kit/svctl status

2025-10-01 21:32:26.372 - INFO[58] - <<<<<<<<<<<<<<<<<<<<<<<<<<<<<< [ SVCTL LIST ] >>>>>>>>>>>>>>>>>>>>>>>>>>>>>>
2025-10-01 21:32:26.372 - INFO[60] - ------------------------------------------------------------------------------
2025-10-01 21:32:26.481 - INFO[86] - 	[  RUNNING  ]          ----->          print_time
2025-10-01 21:32:26.481 - INFO[98] - ------------------------------------------------------------------------------

2025-10-01 21:32:26.481 - INFO[45] - <<<<<<<<<<<<<<<<<<<<<<<<<<<<<< [ Docker LIST ] >>>>>>>>>>>>>>>>>>>>>>>>>>>>>>>
2025-10-01 21:32:26.481 - INFO[47] - ------------------------------------------------------------------------------
2025-10-01 21:32:26.513 - INFO[71] - 	[  RUNNING  ]          ----->          haproxy2.5
2025-10-01 21:32:26.513 - ERROR[75] - 	[!! ERROR !!]          ----->          former-jamong
2025-10-01 21:32:26.513 - INFO[80] - ------------------------------------------------------------------------------

2025-10-01 21:32:26.514 - INFO[39] - <<<<<<<<<<<<<<<<<<<<<<<<<<<<<< [ PROCESS LIST ] >>>>>>>>>>>>>>>>>>>>>>>>>>>>>>
2025-10-01 21:32:26.514 - INFO[42] - ------------------------------------------------------------------------------
2025-10-01 21:32:26.551 - INFO[58] - 	[  RUNNING  ]          ----->          sshd
2025-10-01 21:32:26.551 - INFO[78] - ------------------------------------------------------------------------------
2025-10-01 21:32:26.551 - INFO[75] - ==============================================================================
2025-10-01 21:32:26.551 - INFO[76] - 대상 서비스 개수 : 4
2025-10-01 21:32:26.551 - INFO[77] - 정상 실행 중인 서비스 개수 : 3
2025-10-01 21:32:26.551 - INFO[78] - 비정상 실행 중인 서비스 개수 : 1
2025-10-01 21:32:26.551 - INFO[79] - ==============================================================================
2025-10-01 21:36:10.450 - INFO[56] - supervisor cmd: /DATA/dev_area/jamong/manage_pack/supervisor-kit/svctl status

2025-10-01 21:36:10.451 - INFO[58] - <<<<<<<<<<<<<<<<<<<<<<<<<<<<<< [ SVCTL LIST ] >>>>>>>>>>>>>>>>>>>>>>>>>>>>>>
2025-10-01 21:36:10.451 - INFO[60] - ------------------------------------------------------------------------------
2025-10-01 21:36:10.561 - INFO[86] - 	[  RUNNING  ]          ----->          print_time
2025-10-01 21:36:10.561 - INFO[98] - ------------------------------------------------------------------------------

2025-10-01 21:36:10.561 - INFO[45] - <<<<<<<<<<<<<<<<<<<<<<<<<<<<<< [ Docker LIST ] >>>>>>>>>>>>>>>>>>>>>>>>>>>>>>>
2025-10-01 21:36:10.561 - INFO[47] - ------------------------------------------------------------------------------
2025-10-01 21:36:10.591 - INFO[71] - 	[  RUNNING  ]          ----->          haproxy2.5
2025-10-01 21:36:10.591 - ERROR[75] - 	[!! ERROR !!]          ----->          former-jamong
2025-10-01 21:36:10.591 - INFO[80] - ------------------------------------------------------------------------------

2025-10-01 21:36:10.592 - INFO[39] - <<<<<<<<<<<<<<<<<<<<<<<<<<<<<< [ PROCESS LIST ] >>>>>>>>>>>>>>>>>>>>>>>>>>>>>>
2025-10-01 21:36:10.592 - INFO[42] - ------------------------------------------------------------------------------
2025-10-01 21:36:10.630 - INFO[58] - 	[  RUNNING  ]          ----->          sshd
2025-10-01 21:36:10.630 - INFO[78] - ------------------------------------------------------------------------------
2025-10-01 21:36:10.630 - INFO[75] - ==============================================================================
2025-10-01 21:36:10.630 - INFO[76] - 대상 서비스 개수 : 4
2025-10-01 21:36:10.630 - INFO[77] - 정상 실행 중인 서비스 개수 : 3
2025-10-01 21:36:10.630 - INFO[78] - 비정상 실행 중인 서비스 개수 : 1
2025-10-01 21:36:10.630 - INFO[79] - ==============================================================================
2025-10-01 21:36:19.760 - INFO[56] - supervisor cmd: /DATA/dev_area/jamong/manage_pack/supervisor-kit/svctl status

2025-10-01 21:36:19.760 - INFO[58] - <<<<<<<<<<<<<<<<<<<<<<<<<<<<<< [ SVCTL LIST ] >>>>>>>>>>>>>>>>>>>>>>>>>>>>>>
2025-10-01 21:36:19.760 - INFO[60] - ------------------------------------------------------------------------------
2025-10-01 21:36:19.872 - INFO[86] - 	[  RUNNING  ]          ----->          print_time
2025-10-01 21:36:19.872 - INFO[98] - ------------------------------------------------------------------------------

2025-10-01 21:36:19.872 - INFO[45] - <<<<<<<<<<<<<<<<<<<<<<<<<<<<<< [ Docker LIST ] >>>>>>>>>>>>>>>>>>>>>>>>>>>>>>>
2025-10-01 21:36:19.872 - INFO[47] - ------------------------------------------------------------------------------
2025-10-01 21:36:19.905 - INFO[71] - 	[  RUNNING  ]          ----->          haproxy2.5
2025-10-01 21:36:19.905 - ERROR[75] - 	[!! ERROR !!]          ----->          former-jamong
2025-10-01 21:36:19.905 - INFO[80] - ------------------------------------------------------------------------------

2025-10-01 21:36:19.906 - INFO[39] - <<<<<<<<<<<<<<<<<<<<<<<<<<<<<< [ PROCESS LIST ] >>>>>>>>>>>>>>>>>>>>>>>>>>>>>>
2025-10-01 21:36:19.906 - INFO[42] - ------------------------------------------------------------------------------
2025-10-01 21:36:19.942 - INFO[58] - 	[  RUNNING  ]          ----->          sshd
2025-10-01 21:36:19.942 - INFO[78] - ------------------------------------------------------------------------------
2025-10-01 21:36:19.943 - INFO[75] - ==============================================================================
2025-10-01 21:36:19.943 - INFO[76] - 대상 서비스 개수 : 4
2025-10-01 21:36:19.943 - INFO[77] - 정상 실행 중인 서비스 개수 : 3
2025-10-01 21:36:19.943 - INFO[78] - 비정상 실행 중인 서비스 개수 : 1
2025-10-01 21:36:19.943 - INFO[79] - ==============================================================================
2025-10-01 21:37:28.214 - INFO[56] - supervisor cmd: /DATA/dev_area/jamong/manage_pack/supervisor-kit/svctl status

2025-10-01 21:37:28.215 - INFO[58] - <<<<<<<<<<<<<<<<<<<<<<<<<<<<<< [ SVCTL LIST ] >>>>>>>>>>>>>>>>>>>>>>>>>>>>>>
2025-10-01 21:37:28.215 - INFO[60] - ------------------------------------------------------------------------------
2025-10-01 21:37:28.326 - INFO[86] - 	[  RUNNING  ]          ----->          print_time
2025-10-01 21:37:28.327 - INFO[98] - ------------------------------------------------------------------------------

2025-10-01 21:37:28.327 - INFO[45] - <<<<<<<<<<<<<<<<<<<<<<<<<<<<<< [ Docker LIST ] >>>>>>>>>>>>>>>>>>>>>>>>>>>>>>>
2025-10-01 21:37:28.328 - INFO[47] - ------------------------------------------------------------------------------
2025-10-01 21:37:28.357 - INFO[71] - 	[  RUNNING  ]          ----->          haproxy2.5
2025-10-01 21:37:28.357 - ERROR[75] - 	[!! ERROR !!]          ----->          former-jamong
2025-10-01 21:37:28.358 - INFO[80] - ------------------------------------------------------------------------------

2025-10-01 21:37:28.358 - INFO[39] - <<<<<<<<<<<<<<<<<<<<<<<<<<<<<< [ PROCESS LIST ] >>>>>>>>>>>>>>>>>>>>>>>>>>>>>>
2025-10-01 21:37:28.359 - INFO[42] - ------------------------------------------------------------------------------
2025-10-01 21:37:28.398 - INFO[58] - 	[  RUNNING  ]          ----->          sshd
2025-10-01 21:37:28.398 - INFO[78] - ------------------------------------------------------------------------------
2025-10-01 21:37:28.399 - INFO[75] - ==============================================================================
2025-10-01 21:37:28.399 - INFO[76] - 대상 서비스 개수 : 4
2025-10-01 21:37:28.399 - INFO[77] - 정상 실행 중인 서비스 개수 : 3
2025-10-01 21:37:28.400 - INFO[78] - 비정상 실행 중인 서비스 개수 : 1
2025-10-01 21:37:28.400 - INFO[79] - ==============================================================================
2025-10-01 21:37:45.301 - INFO[56] - supervisor cmd: /DATA/dev_area/jamong/manage_pack/supervisor-kit/svctl status

2025-10-01 21:37:45.301 - INFO[58] - <<<<<<<<<<<<<<<<<<<<<<<<<<<<<< [ SVCTL LIST ] >>>>>>>>>>>>>>>>>>>>>>>>>>>>>>
2025-10-01 21:37:45.301 - INFO[60] - ------------------------------------------------------------------------------
2025-10-01 21:37:45.409 - INFO[86] - 	[  RUNNING  ]          ----->          print_time
2025-10-01 21:37:45.409 - INFO[98] - ------------------------------------------------------------------------------

2025-10-01 21:37:45.409 - INFO[45] - <<<<<<<<<<<<<<<<<<<<<<<<<<<<<< [ Docker LIST ] >>>>>>>>>>>>>>>>>>>>>>>>>>>>>>>
2025-10-01 21:37:45.410 - INFO[47] - ------------------------------------------------------------------------------
2025-10-01 21:37:45.438 - INFO[71] - 	[  RUNNING  ]          ----->          haproxy2.5
2025-10-01 21:37:45.438 - ERROR[75] - 	[!! ERROR !!]          ----->          former-jamong
2025-10-01 21:37:45.438 - INFO[80] - ------------------------------------------------------------------------------

2025-10-01 21:37:45.439 - INFO[39] - <<<<<<<<<<<<<<<<<<<<<<<<<<<<<< [ PROCESS LIST ] >>>>>>>>>>>>>>>>>>>>>>>>>>>>>>
2025-10-01 21:37:45.439 - INFO[42] - ------------------------------------------------------------------------------
2025-10-01 21:37:45.476 - INFO[58] - 	[  RUNNING  ]          ----->          sshd
2025-10-01 21:37:45.476 - INFO[78] - ------------------------------------------------------------------------------
2025-10-01 21:37:45.476 - INFO[75] - ==============================================================================
2025-10-01 21:37:45.476 - INFO[76] - 대상 서비스 개수 : 4
2025-10-01 21:37:45.476 - INFO[77] - 정상 실행 중인 서비스 개수 : 3
2025-10-01 21:37:45.476 - INFO[78] - 비정상 실행 중인 서비스 개수 : 1
2025-10-01 21:37:45.476 - INFO[79] - ==============================================================================
2025-10-01 21:39:02.181 - INFO[56] - supervisor cmd: /DATA/dev_area/jamong/manage_pack/supervisor-kit/svctl status

2025-10-01 21:39:02.181 - INFO[58] - <<<<<<<<<<<<<<<<<<<<<<<<<<<<<< [ SVCTL LIST ] >>>>>>>>>>>>>>>>>>>>>>>>>>>>>>
2025-10-01 21:39:02.181 - INFO[60] - ------------------------------------------------------------------------------
2025-10-01 21:39:02.296 - INFO[86] - 	[  RUNNING  ]          ----->          print_time
2025-10-01 21:39:02.296 - INFO[98] - ------------------------------------------------------------------------------

2025-10-01 21:39:02.296 - INFO[45] - <<<<<<<<<<<<<<<<<<<<<<<<<<<<<< [ Docker LIST ] >>>>>>>>>>>>>>>>>>>>>>>>>>>>>>>
2025-10-01 21:39:02.296 - INFO[47] - ------------------------------------------------------------------------------
2025-10-01 21:39:02.326 - INFO[71] - 	[  RUNNING  ]          ----->          haproxy2.5
2025-10-01 21:39:02.326 - ERROR[75] - 	[!! ERROR !!]          ----->          former-jamong
2025-10-01 21:39:02.326 - INFO[80] - ------------------------------------------------------------------------------

2025-10-01 21:39:02.327 - INFO[39] - <<<<<<<<<<<<<<<<<<<<<<<<<<<<<< [ PROCESS LIST ] >>>>>>>>>>>>>>>>>>>>>>>>>>>>>>
2025-10-01 21:39:02.327 - INFO[42] - ------------------------------------------------------------------------------
2025-10-01 21:39:02.369 - INFO[58] - 	[  RUNNING  ]          ----->          sshd
2025-10-01 21:39:02.370 - INFO[78] - ------------------------------------------------------------------------------
2025-10-01 21:39:02.370 - INFO[75] - ==============================================================================
2025-10-01 21:39:02.370 - INFO[76] - 대상 서비스 개수 : 4
2025-10-01 21:39:02.370 - INFO[77] - 정상 실행 중인 서비스 개수 : 3
2025-10-01 21:39:02.370 - INFO[78] - 비정상 실행 중인 서비스 개수 : 1
2025-10-01 21:39:02.370 - INFO[79] - ==============================================================================
2025-10-01 21:39:44.516 - INFO[56] - supervisor cmd: /DATA/dev_area/jamong/manage_pack/supervisor-kit/svctl status

2025-10-01 21:39:44.517 - INFO[58] - <<<<<<<<<<<<<<<<<<<<<<<<<<<<<< [ SVCTL LIST ] >>>>>>>>>>>>>>>>>>>>>>>>>>>>>>
2025-10-01 21:39:44.517 - INFO[60] - ------------------------------------------------------------------------------
2025-10-01 21:39:44.627 - INFO[86] - 	[  RUNNING  ]          ----->          print_time
2025-10-01 21:39:44.627 - INFO[98] - ------------------------------------------------------------------------------

2025-10-01 21:39:44.627 - INFO[45] - <<<<<<<<<<<<<<<<<<<<<<<<<<<<<< [ Docker LIST ] >>>>>>>>>>>>>>>>>>>>>>>>>>>>>>>
2025-10-01 21:39:44.627 - INFO[47] - ------------------------------------------------------------------------------
2025-10-01 21:39:44.656 - INFO[71] - 	[  RUNNING  ]          ----->          haproxy2.5
2025-10-01 21:39:44.656 - ERROR[75] - 	[!! ERROR !!]          ----->          former-jamong
2025-10-01 21:39:44.656 - INFO[80] - ------------------------------------------------------------------------------

2025-10-01 21:39:44.657 - INFO[39] - <<<<<<<<<<<<<<<<<<<<<<<<<<<<<< [ PROCESS LIST ] >>>>>>>>>>>>>>>>>>>>>>>>>>>>>>
2025-10-01 21:39:44.657 - INFO[42] - ------------------------------------------------------------------------------
2025-10-01 21:39:44.694 - INFO[58] - 	[  RUNNING  ]          ----->          sshd
2025-10-01 21:39:44.694 - INFO[78] - ------------------------------------------------------------------------------
2025-10-01 21:39:44.694 - INFO[75] - ==============================================================================
2025-10-01 21:39:44.694 - INFO[76] - 대상 서비스 개수 : 4
2025-10-01 21:39:44.694 - INFO[77] - 정상 실행 중인 서비스 개수 : 3
2025-10-01 21:39:44.694 - INFO[78] - 비정상 실행 중인 서비스 개수 : 1
2025-10-01 21:39:44.694 - INFO[79] - ==============================================================================
2025-10-01 21:39:52.839 - INFO[56] - supervisor cmd: /DATA/dev_area/jamong/manage_pack/supervisor-kit/svctl status

2025-10-01 21:39:52.839 - INFO[58] - <<<<<<<<<<<<<<<<<<<<<<<<<<<<<< [ SVCTL LIST ] >>>>>>>>>>>>>>>>>>>>>>>>>>>>>>
2025-10-01 21:39:52.839 - INFO[60] - ------------------------------------------------------------------------------
2025-10-01 21:39:52.951 - INFO[86] - 	[  RUNNING  ]          ----->          print_time
2025-10-01 21:39:52.951 - INFO[98] - ------------------------------------------------------------------------------

2025-10-01 21:39:52.951 - INFO[45] - <<<<<<<<<<<<<<<<<<<<<<<<<<<<<< [ Docker LIST ] >>>>>>>>>>>>>>>>>>>>>>>>>>>>>>>
2025-10-01 21:39:52.952 - INFO[47] - ------------------------------------------------------------------------------
2025-10-01 21:39:52.980 - INFO[71] - 	[  RUNNING  ]          ----->          haproxy2.5
2025-10-01 21:39:52.980 - ERROR[75] - 	[!! ERROR !!]          ----->          former-jamong
2025-10-01 21:39:52.980 - INFO[80] - ------------------------------------------------------------------------------

2025-10-01 21:39:52.980 - INFO[39] - <<<<<<<<<<<<<<<<<<<<<<<<<<<<<< [ PROCESS LIST ] >>>>>>>>>>>>>>>>>>>>>>>>>>>>>>
2025-10-01 21:39:52.980 - INFO[42] - ------------------------------------------------------------------------------
2025-10-01 21:39:53.019 - INFO[58] - 	[  RUNNING  ]          ----->          sshd
2025-10-01 21:39:53.019 - INFO[78] - ------------------------------------------------------------------------------
2025-10-01 21:39:53.019 - INFO[75] - ==============================================================================
2025-10-01 21:39:53.019 - INFO[76] - 대상 서비스 개수 : 4
2025-10-01 21:39:53.019 - INFO[77] - 정상 실행 중인 서비스 개수 : 3
2025-10-01 21:39:53.019 - INFO[78] - 비정상 실행 중인 서비스 개수 : 1
2025-10-01 21:39:53.019 - INFO[79] - ==============================================================================
2025-10-01 21:39:59.033 - INFO[56] - supervisor cmd: /DATA/dev_area/jamong/manage_pack/supervisor-kit/svctl status

2025-10-01 21:39:59.033 - INFO[58] - <<<<<<<<<<<<<<<<<<<<<<<<<<<<<< [ SVCTL LIST ] >>>>>>>>>>>>>>>>>>>>>>>>>>>>>>
2025-10-01 21:39:59.033 - INFO[60] - ------------------------------------------------------------------------------
2025-10-01 21:39:59.144 - INFO[86] - 	[  RUNNING  ]          ----->          print_time
2025-10-01 21:39:59.144 - INFO[98] - ------------------------------------------------------------------------------

2025-10-01 21:39:59.144 - INFO[45] - <<<<<<<<<<<<<<<<<<<<<<<<<<<<<< [ Docker LIST ] >>>>>>>>>>>>>>>>>>>>>>>>>>>>>>>
2025-10-01 21:39:59.144 - INFO[47] - ------------------------------------------------------------------------------
2025-10-01 21:39:59.173 - INFO[71] - 	[  RUNNING  ]          ----->          haproxy2.5
2025-10-01 21:39:59.173 - ERROR[75] - 	[!! ERROR !!]          ----->          former-jamong
2025-10-01 21:39:59.173 - INFO[80] - ------------------------------------------------------------------------------

2025-10-01 21:39:59.174 - INFO[39] - <<<<<<<<<<<<<<<<<<<<<<<<<<<<<< [ PROCESS LIST ] >>>>>>>>>>>>>>>>>>>>>>>>>>>>>>
2025-10-01 21:39:59.174 - INFO[42] - ------------------------------------------------------------------------------
2025-10-01 21:39:59.210 - INFO[58] - 	[  RUNNING  ]          ----->          sshd
2025-10-01 21:39:59.210 - INFO[78] - ------------------------------------------------------------------------------
2025-10-01 21:39:59.210 - INFO[75] - ==============================================================================
2025-10-01 21:39:59.210 - INFO[76] - 대상 서비스 개수 : 4
2025-10-01 21:39:59.210 - INFO[77] - 정상 실행 중인 서비스 개수 : 3
2025-10-01 21:39:59.210 - INFO[78] - 비정상 실행 중인 서비스 개수 : 1
2025-10-01 21:39:59.210 - INFO[79] - ==============================================================================
2025-10-01 21:40:16.400 - INFO[56] - supervisor cmd: /DATA/dev_area/jamong/manage_pack/supervisor-kit/svctl status

2025-10-01 21:40:16.400 - INFO[58] - <<<<<<<<<<<<<<<<<<<<<<<<<<<<<< [ SVCTL LIST ] >>>>>>>>>>>>>>>>>>>>>>>>>>>>>>
2025-10-01 21:40:16.400 - INFO[60] - ------------------------------------------------------------------------------
2025-10-01 21:40:16.510 - INFO[86] - 	[  RUNNING  ]          ----->          print_time
2025-10-01 21:40:16.510 - INFO[98] - ------------------------------------------------------------------------------

2025-10-01 21:40:16.510 - INFO[45] - <<<<<<<<<<<<<<<<<<<<<<<<<<<<<< [ Docker LIST ] >>>>>>>>>>>>>>>>>>>>>>>>>>>>>>>
2025-10-01 21:40:16.510 - INFO[47] - ------------------------------------------------------------------------------
2025-10-01 21:40:16.542 - INFO[71] - 	[  RUNNING  ]          ----->          haproxy2.5
2025-10-01 21:40:16.542 - ERROR[75] - 	[!! ERROR !!]          ----->          former-jamong
2025-10-01 21:40:16.542 - INFO[80] - ------------------------------------------------------------------------------

2025-10-01 21:40:16.543 - INFO[39] - <<<<<<<<<<<<<<<<<<<<<<<<<<<<<< [ PROCESS LIST ] >>>>>>>>>>>>>>>>>>>>>>>>>>>>>>
2025-10-01 21:40:16.543 - INFO[42] - ------------------------------------------------------------------------------
2025-10-01 21:40:16.581 - INFO[58] - 	[  RUNNING  ]          ----->          sshd
2025-10-01 21:40:16.581 - INFO[78] - ------------------------------------------------------------------------------
2025-10-01 21:40:16.581 - INFO[75] - ==============================================================================
2025-10-01 21:40:16.581 - INFO[76] - 대상 서비스 개수 : 4
2025-10-01 21:40:16.581 - INFO[77] - 정상 실행 중인 서비스 개수 : 3
2025-10-01 21:40:16.581 - INFO[78] - 비정상 실행 중인 서비스 개수 : 1
2025-10-01 21:40:16.581 - INFO[79] - ==============================================================================
2025-10-01 21:40:24.093 - INFO[56] - supervisor cmd: /DATA/dev_area/jamong/manage_pack/supervisor-kit/svctl status

2025-10-01 21:40:24.093 - INFO[58] - <<<<<<<<<<<<<<<<<<<<<<<<<<<<<< [ SVCTL LIST ] >>>>>>>>>>>>>>>>>>>>>>>>>>>>>>
2025-10-01 21:40:24.093 - INFO[60] - ------------------------------------------------------------------------------
2025-10-01 21:40:24.204 - INFO[86] - 	[  RUNNING  ]          ----->          print_time
2025-10-01 21:40:24.204 - INFO[98] - ------------------------------------------------------------------------------

2025-10-01 21:40:24.205 - INFO[45] - <<<<<<<<<<<<<<<<<<<<<<<<<<<<<< [ Docker LIST ] >>>>>>>>>>>>>>>>>>>>>>>>>>>>>>>
2025-10-01 21:40:24.205 - INFO[47] - ------------------------------------------------------------------------------
2025-10-01 21:40:24.236 - INFO[71] - 	[  RUNNING  ]          ----->          haproxy2.5
2025-10-01 21:40:24.236 - ERROR[75] - 	[!! ERROR !!]          ----->          former-jamong
2025-10-01 21:40:24.236 - INFO[80] - ------------------------------------------------------------------------------

2025-10-01 21:40:24.236 - INFO[39] - <<<<<<<<<<<<<<<<<<<<<<<<<<<<<< [ PROCESS LIST ] >>>>>>>>>>>>>>>>>>>>>>>>>>>>>>
2025-10-01 21:40:24.237 - INFO[42] - ------------------------------------------------------------------------------
2025-10-01 21:40:24.273 - INFO[58] - 	[  RUNNING  ]          ----->          sshd
2025-10-01 21:40:24.273 - INFO[78] - ------------------------------------------------------------------------------
2025-10-01 21:40:24.273 - INFO[75] - ==============================================================================
2025-10-01 21:40:24.273 - INFO[76] - 대상 서비스 개수 : 4
2025-10-01 21:40:24.273 - INFO[77] - 정상 실행 중인 서비스 개수 : 3
2025-10-01 21:40:24.273 - INFO[78] - 비정상 실행 중인 서비스 개수 : 1
2025-10-01 21:40:24.273 - INFO[79] - ==============================================================================
2025-10-01 21:40:30.254 - INFO[56] - supervisor cmd: /DATA/dev_area/jamong/manage_pack/supervisor-kit/svctl status

2025-10-01 21:40:30.254 - INFO[58] - <<<<<<<<<<<<<<<<<<<<<<<<<<<<<< [ SVCTL LIST ] >>>>>>>>>>>>>>>>>>>>>>>>>>>>>>
2025-10-01 21:40:30.254 - INFO[60] - ------------------------------------------------------------------------------
2025-10-01 21:40:30.363 - INFO[86] - 	[  RUNNING  ]          ----->          print_time
2025-10-01 21:40:30.363 - INFO[98] - ------------------------------------------------------------------------------

2025-10-01 21:40:30.363 - INFO[45] - <<<<<<<<<<<<<<<<<<<<<<<<<<<<<< [ Docker LIST ] >>>>>>>>>>>>>>>>>>>>>>>>>>>>>>>
2025-10-01 21:40:30.363 - INFO[47] - ------------------------------------------------------------------------------
2025-10-01 21:40:30.393 - INFO[71] - 	[  RUNNING  ]          ----->          haproxy2.5
2025-10-01 21:40:30.393 - ERROR[75] - 	[!! ERROR !!]          ----->          former-jamong
2025-10-01 21:40:30.393 - INFO[80] - ------------------------------------------------------------------------------

2025-10-01 21:40:30.393 - INFO[39] - <<<<<<<<<<<<<<<<<<<<<<<<<<<<<< [ PROCESS LIST ] >>>>>>>>>>>>>>>>>>>>>>>>>>>>>>
2025-10-01 21:40:30.393 - INFO[42] - ------------------------------------------------------------------------------
2025-10-01 21:40:30.431 - INFO[58] - 	[  RUNNING  ]          ----->          sshd
2025-10-01 21:40:30.431 - INFO[78] - ------------------------------------------------------------------------------
2025-10-01 21:40:30.431 - INFO[75] - ==============================================================================
2025-10-01 21:40:30.431 - INFO[76] - 대상 서비스 개수 : 4
2025-10-01 21:40:30.431 - INFO[77] - 정상 실행 중인 서비스 개수 : 3
2025-10-01 21:40:30.431 - INFO[78] - 비정상 실행 중인 서비스 개수 : 1
2025-10-01 21:40:30.431 - INFO[79] - ==============================================================================
2025-10-01 21:40:36.433 - INFO[56] - supervisor cmd: /DATA/dev_area/jamong/manage_pack/supervisor-kit/svctl status

2025-10-01 21:40:36.433 - INFO[58] - <<<<<<<<<<<<<<<<<<<<<<<<<<<<<< [ SVCTL LIST ] >>>>>>>>>>>>>>>>>>>>>>>>>>>>>>
2025-10-01 21:40:36.433 - INFO[60] - ------------------------------------------------------------------------------
2025-10-01 21:40:36.544 - INFO[86] - 	[  RUNNING  ]          ----->          print_time
2025-10-01 21:40:36.544 - INFO[98] - ------------------------------------------------------------------------------

2025-10-01 21:40:36.544 - INFO[45] - <<<<<<<<<<<<<<<<<<<<<<<<<<<<<< [ Docker LIST ] >>>>>>>>>>>>>>>>>>>>>>>>>>>>>>>
2025-10-01 21:40:36.544 - INFO[47] - ------------------------------------------------------------------------------
2025-10-01 21:40:36.576 - INFO[71] - 	[  RUNNING  ]          ----->          haproxy2.5
2025-10-01 21:40:36.576 - ERROR[75] - 	[!! ERROR !!]          ----->          former-jamong
2025-10-01 21:40:36.576 - INFO[80] - ------------------------------------------------------------------------------

2025-10-01 21:40:36.577 - INFO[39] - <<<<<<<<<<<<<<<<<<<<<<<<<<<<<< [ PROCESS LIST ] >>>>>>>>>>>>>>>>>>>>>>>>>>>>>>
2025-10-01 21:40:36.577 - INFO[42] - ------------------------------------------------------------------------------
2025-10-01 21:40:36.615 - INFO[58] - 	[  RUNNING  ]          ----->          sshd
2025-10-01 21:40:36.615 - INFO[78] - ------------------------------------------------------------------------------
2025-10-01 21:40:36.615 - INFO[75] - ==============================================================================
2025-10-01 21:40:36.615 - INFO[76] - 대상 서비스 개수 : 4
2025-10-01 21:40:36.615 - INFO[77] - 정상 실행 중인 서비스 개수 : 3
2025-10-01 21:40:36.615 - INFO[78] - 비정상 실행 중인 서비스 개수 : 1
2025-10-01 21:40:36.615 - INFO[79] - ==============================================================================
2025-10-01 21:40:43.443 - INFO[56] - supervisor cmd: /DATA/dev_area/jamong/manage_pack/supervisor-kit/svctl status

2025-10-01 21:40:43.443 - INFO[58] - <<<<<<<<<<<<<<<<<<<<<<<<<<<<<< [ SVCTL LIST ] >>>>>>>>>>>>>>>>>>>>>>>>>>>>>>
2025-10-01 21:40:43.443 - INFO[60] - ------------------------------------------------------------------------------
2025-10-01 21:40:43.555 - INFO[86] - 	[  RUNNING  ]          ----->          print_time
2025-10-01 21:40:43.555 - INFO[98] - ------------------------------------------------------------------------------

2025-10-01 21:40:43.555 - INFO[45] - <<<<<<<<<<<<<<<<<<<<<<<<<<<<<< [ Docker LIST ] >>>>>>>>>>>>>>>>>>>>>>>>>>>>>>>
2025-10-01 21:40:43.555 - INFO[47] - ------------------------------------------------------------------------------
2025-10-01 21:40:43.589 - INFO[71] - 	[  RUNNING  ]          ----->          haproxy2.5
2025-10-01 21:40:43.589 - ERROR[75] - 	[!! ERROR !!]          ----->          former-jamong
2025-10-01 21:40:43.589 - INFO[80] - ------------------------------------------------------------------------------

2025-10-01 21:40:43.590 - INFO[39] - <<<<<<<<<<<<<<<<<<<<<<<<<<<<<< [ PROCESS LIST ] >>>>>>>>>>>>>>>>>>>>>>>>>>>>>>
2025-10-01 21:40:43.590 - INFO[42] - ------------------------------------------------------------------------------
2025-10-01 21:40:43.627 - INFO[58] - 	[  RUNNING  ]          ----->          sshd
2025-10-01 21:40:43.627 - INFO[78] - ------------------------------------------------------------------------------
2025-10-01 21:40:43.627 - INFO[75] - ==============================================================================
2025-10-01 21:40:43.627 - INFO[76] - 대상 서비스 개수 : 4
2025-10-01 21:40:43.627 - INFO[77] - 정상 실행 중인 서비스 개수 : 3
2025-10-01 21:40:43.627 - INFO[78] - 비정상 실행 중인 서비스 개수 : 1
2025-10-01 21:40:43.627 - INFO[79] - ==============================================================================
2025-10-01 21:41:32.885 - INFO[56] - supervisor cmd: /DATA/dev_area/jamong/manage_pack/supervisor-kit/svctl status

2025-10-01 21:41:32.885 - INFO[58] - <<<<<<<<<<<<<<<<<<<<<<<<<<<<<< [ SVCTL LIST ] >>>>>>>>>>>>>>>>>>>>>>>>>>>>>>
2025-10-01 21:41:32.885 - INFO[60] - ------------------------------------------------------------------------------
2025-10-01 21:41:32.996 - INFO[86] - 	[  RUNNING  ]          ----->          print_time
2025-10-01 21:41:32.996 - INFO[98] - ------------------------------------------------------------------------------

2025-10-01 21:41:32.996 - INFO[45] - <<<<<<<<<<<<<<<<<<<<<<<<<<<<<< [ Docker LIST ] >>>>>>>>>>>>>>>>>>>>>>>>>>>>>>>
2025-10-01 21:41:32.996 - INFO[47] - ------------------------------------------------------------------------------
2025-10-01 21:41:33.026 - INFO[71] - 	[  RUNNING  ]          ----->          haproxy2.5
2025-10-01 21:41:33.027 - ERROR[75] - 	[!! ERROR !!]          ----->          former-jamong
2025-10-01 21:41:33.027 - INFO[80] - ------------------------------------------------------------------------------

2025-10-01 21:41:33.027 - INFO[39] - <<<<<<<<<<<<<<<<<<<<<<<<<<<<<< [ PROCESS LIST ] >>>>>>>>>>>>>>>>>>>>>>>>>>>>>>
2025-10-01 21:41:33.027 - INFO[42] - ------------------------------------------------------------------------------
2025-10-01 21:41:33.067 - INFO[58] - 	[  RUNNING  ]          ----->          sshd
2025-10-01 21:41:33.067 - INFO[78] - ------------------------------------------------------------------------------
2025-10-01 21:41:33.067 - INFO[75] - ==============================================================================
2025-10-01 21:41:33.067 - INFO[76] - 대상 서비스 개수 : 4
2025-10-01 21:41:33.067 - INFO[77] - 정상 실행 중인 서비스 개수 : 3
2025-10-01 21:41:33.067 - INFO[78] - 비정상 실행 중인 서비스 개수 : 1
2025-10-01 21:41:33.067 - INFO[79] - ==============================================================================
2025-10-01 21:42:20.696 - INFO[56] - supervisor cmd: /DATA/dev_area/jamong/manage_pack/supervisor-kit/svctl status

2025-10-01 21:42:20.696 - INFO[58] - <<<<<<<<<<<<<<<<<<<<<<<<<<<<<< [ SVCTL LIST ] >>>>>>>>>>>>>>>>>>>>>>>>>>>>>>
2025-10-01 21:42:20.696 - INFO[60] - ------------------------------------------------------------------------------
2025-10-01 21:42:20.806 - INFO[86] - 	[  RUNNING  ]          ----->          print_time
2025-10-01 21:42:20.806 - INFO[98] - ------------------------------------------------------------------------------

2025-10-01 21:42:20.806 - INFO[45] - <<<<<<<<<<<<<<<<<<<<<<<<<<<<<< [ Docker LIST ] >>>>>>>>>>>>>>>>>>>>>>>>>>>>>>>
2025-10-01 21:42:20.806 - INFO[47] - ------------------------------------------------------------------------------
2025-10-01 21:42:20.836 - INFO[71] - 	[  RUNNING  ]          ----->          haproxy2.5
2025-10-01 21:42:20.836 - ERROR[75] - 	[!! ERROR !!]          ----->          former-jamong
2025-10-01 21:42:20.836 - INFO[80] - ------------------------------------------------------------------------------

2025-10-01 21:42:20.837 - INFO[39] - <<<<<<<<<<<<<<<<<<<<<<<<<<<<<< [ PROCESS LIST ] >>>>>>>>>>>>>>>>>>>>>>>>>>>>>>
2025-10-01 21:42:20.837 - INFO[42] - ------------------------------------------------------------------------------
2025-10-01 21:42:20.875 - INFO[58] - 	[  RUNNING  ]          ----->          sshd
2025-10-01 21:42:20.875 - INFO[78] - ------------------------------------------------------------------------------
2025-10-01 21:42:20.875 - INFO[75] - ==============================================================================
2025-10-01 21:42:20.875 - INFO[76] - 대상 서비스 개수 : 4
2025-10-01 21:42:20.875 - INFO[77] - 정상 실행 중인 서비스 개수 : 3
2025-10-01 21:42:20.875 - INFO[78] - 비정상 실행 중인 서비스 개수 : 1
2025-10-01 21:42:20.875 - INFO[79] - ==============================================================================
2025-10-01 21:43:09.826 - INFO[56] - supervisor cmd: /DATA/dev_area/jamong/manage_pack/supervisor-kit/svctl status

2025-10-01 21:43:09.826 - INFO[58] - <<<<<<<<<<<<<<<<<<<<<<<<<<<<<< [ SVCTL LIST ] >>>>>>>>>>>>>>>>>>>>>>>>>>>>>>
2025-10-01 21:43:09.826 - INFO[60] - ------------------------------------------------------------------------------
2025-10-01 21:43:09.930 - ERROR[95] - 	[!! ERROR !!]        Not exists        print_time
2025-10-01 21:43:09.930 - INFO[98] - ------------------------------------------------------------------------------

2025-10-01 21:43:09.930 - INFO[45] - <<<<<<<<<<<<<<<<<<<<<<<<<<<<<< [ Docker LIST ] >>>>>>>>>>>>>>>>>>>>>>>>>>>>>>>
2025-10-01 21:43:09.930 - INFO[47] - ------------------------------------------------------------------------------
2025-10-01 21:43:09.962 - INFO[71] - 	[  RUNNING  ]          ----->          haproxy2.5
2025-10-01 21:43:09.962 - ERROR[75] - 	[!! ERROR !!]          ----->          former-jamong
2025-10-01 21:43:09.962 - INFO[80] - ------------------------------------------------------------------------------

2025-10-01 21:43:09.963 - INFO[39] - <<<<<<<<<<<<<<<<<<<<<<<<<<<<<< [ PROCESS LIST ] >>>>>>>>>>>>>>>>>>>>>>>>>>>>>>
2025-10-01 21:43:09.963 - INFO[42] - ------------------------------------------------------------------------------
2025-10-01 21:43:10.000 - INFO[58] - 	[  RUNNING  ]          ----->          sshd
2025-10-01 21:43:10.000 - INFO[78] - ------------------------------------------------------------------------------
2025-10-01 21:43:10.000 - INFO[75] - ==============================================================================
2025-10-01 21:43:10.000 - INFO[76] - 대상 서비스 개수 : 4
2025-10-01 21:43:10.000 - INFO[77] - 정상 실행 중인 서비스 개수 : 2
2025-10-01 21:43:10.000 - INFO[78] - 비정상 실행 중인 서비스 개수 : 2
2025-10-01 21:43:10.000 - INFO[79] - ==============================================================================
2025-10-01 21:43:59.212 - INFO[56] - supervisor cmd: /DATA/dev_area/jamong/manage_pack/supervisor-kit/svctl status

2025-10-01 21:43:59.213 - INFO[58] - <<<<<<<<<<<<<<<<<<<<<<<<<<<<<< [ SVCTL LIST ] >>>>>>>>>>>>>>>>>>>>>>>>>>>>>>
2025-10-01 21:43:59.213 - INFO[60] - ------------------------------------------------------------------------------
2025-10-01 21:43:59.321 - ERROR[95] - 	[!! ERROR !!]        Not exists        print_time
2025-10-01 21:43:59.322 - INFO[98] - ------------------------------------------------------------------------------

2025-10-01 21:43:59.322 - INFO[45] - <<<<<<<<<<<<<<<<<<<<<<<<<<<<<< [ Docker LIST ] >>>>>>>>>>>>>>>>>>>>>>>>>>>>>>>
2025-10-01 21:43:59.322 - INFO[47] - ------------------------------------------------------------------------------
2025-10-01 21:43:59.351 - INFO[71] - 	[  RUNNING  ]          ----->          haproxy2.5
2025-10-01 21:43:59.351 - ERROR[75] - 	[!! ERROR !!]          ----->          former-jamong
2025-10-01 21:43:59.351 - INFO[80] - ------------------------------------------------------------------------------

2025-10-01 21:43:59.351 - INFO[39] - <<<<<<<<<<<<<<<<<<<<<<<<<<<<<< [ PROCESS LIST ] >>>>>>>>>>>>>>>>>>>>>>>>>>>>>>
2025-10-01 21:43:59.351 - INFO[42] - ------------------------------------------------------------------------------
2025-10-01 21:43:59.389 - INFO[58] - 	[  RUNNING  ]          ----->          sshd
2025-10-01 21:43:59.389 - INFO[78] - ------------------------------------------------------------------------------
2025-10-01 21:43:59.389 - INFO[75] - ==============================================================================
2025-10-01 21:43:59.389 - INFO[76] - 대상 서비스 개수 : 4
2025-10-01 21:43:59.389 - INFO[77] - 정상 실행 중인 서비스 개수 : 2
2025-10-01 21:43:59.389 - INFO[78] - 비정상 실행 중인 서비스 개수 : 2
2025-10-01 21:43:59.389 - INFO[79] - ==============================================================================
2025-10-01 21:44:07.635 - INFO[56] - supervisor cmd: /DATA/dev_area/jamong/manage_pack/supervisor-kit/svctl status

2025-10-01 21:44:07.635 - INFO[58] - <<<<<<<<<<<<<<<<<<<<<<<<<<<<<< [ SVCTL LIST ] >>>>>>>>>>>>>>>>>>>>>>>>>>>>>>
2025-10-01 21:44:07.635 - INFO[60] - ------------------------------------------------------------------------------
2025-10-01 21:44:07.743 - ERROR[95] - 	[!! ERROR !!]        Not exists        print_time
2025-10-01 21:44:07.743 - INFO[98] - ------------------------------------------------------------------------------

2025-10-01 21:44:07.743 - INFO[45] - <<<<<<<<<<<<<<<<<<<<<<<<<<<<<< [ Docker LIST ] >>>>>>>>>>>>>>>>>>>>>>>>>>>>>>>
2025-10-01 21:44:07.743 - INFO[47] - ------------------------------------------------------------------------------
2025-10-01 21:44:07.773 - INFO[71] - 	[  RUNNING  ]          ----->          haproxy2.5
2025-10-01 21:44:07.773 - ERROR[75] - 	[!! ERROR !!]          ----->          former-jamong
2025-10-01 21:44:07.773 - INFO[80] - ------------------------------------------------------------------------------

2025-10-01 21:44:07.773 - INFO[39] - <<<<<<<<<<<<<<<<<<<<<<<<<<<<<< [ PROCESS LIST ] >>>>>>>>>>>>>>>>>>>>>>>>>>>>>>
2025-10-01 21:44:07.773 - INFO[42] - ------------------------------------------------------------------------------
2025-10-01 21:44:07.810 - INFO[58] - 	[  RUNNING  ]          ----->          sshd
2025-10-01 21:44:07.811 - INFO[78] - ------------------------------------------------------------------------------
2025-10-01 21:44:07.811 - INFO[75] - ==============================================================================
2025-10-01 21:44:07.811 - INFO[76] - 대상 서비스 개수 : 4
2025-10-01 21:44:07.811 - INFO[77] - 정상 실행 중인 서비스 개수 : 2
2025-10-01 21:44:07.811 - INFO[78] - 비정상 실행 중인 서비스 개수 : 2
2025-10-01 21:44:07.811 - INFO[79] - ==============================================================================
2025-10-01 21:44:16.910 - INFO[56] - supervisor cmd: /DATA/dev_area/jamong/manage_pack/supervisor-kit/svctl status

2025-10-01 21:44:16.910 - INFO[58] - <<<<<<<<<<<<<<<<<<<<<<<<<<<<<< [ SVCTL LIST ] >>>>>>>>>>>>>>>>>>>>>>>>>>>>>>
2025-10-01 21:44:16.910 - INFO[60] - ------------------------------------------------------------------------------
2025-10-01 21:44:17.019 - ERROR[95] - 	[!! ERROR !!]        Not exists        print_time
2025-10-01 21:44:17.019 - INFO[98] - ------------------------------------------------------------------------------

2025-10-01 21:44:17.019 - INFO[45] - <<<<<<<<<<<<<<<<<<<<<<<<<<<<<< [ Docker LIST ] >>>>>>>>>>>>>>>>>>>>>>>>>>>>>>>
2025-10-01 21:44:17.019 - INFO[47] - ------------------------------------------------------------------------------
2025-10-01 21:44:17.049 - INFO[71] - 	[  RUNNING  ]          ----->          haproxy2.5
2025-10-01 21:44:17.049 - ERROR[75] - 	[!! ERROR !!]          ----->          former-jamong
2025-10-01 21:44:17.049 - INFO[80] - ------------------------------------------------------------------------------

2025-10-01 21:44:17.050 - INFO[39] - <<<<<<<<<<<<<<<<<<<<<<<<<<<<<< [ PROCESS LIST ] >>>>>>>>>>>>>>>>>>>>>>>>>>>>>>
2025-10-01 21:44:17.050 - INFO[42] - ------------------------------------------------------------------------------
2025-10-01 21:44:17.088 - INFO[58] - 	[  RUNNING  ]          ----->          sshd
2025-10-01 21:44:17.088 - INFO[78] - ------------------------------------------------------------------------------
2025-10-01 21:44:17.088 - INFO[75] - ==============================================================================
2025-10-01 21:44:17.088 - INFO[76] - 대상 서비스 개수 : 4
2025-10-01 21:44:17.088 - INFO[77] - 정상 실행 중인 서비스 개수 : 2
2025-10-01 21:44:17.088 - INFO[78] - 비정상 실행 중인 서비스 개수 : 2
2025-10-01 21:44:17.088 - INFO[79] - ==============================================================================
2025-10-01 21:45:13.830 - INFO[56] - supervisor cmd: /DATA/dev_area/jamong/manage_pack/supervisor-kit/svctl status

2025-10-01 21:45:13.832 - INFO[58] - <<<<<<<<<<<<<<<<<<<<<<<<<<<<<< [ SVCTL LIST ] >>>>>>>>>>>>>>>>>>>>>>>>>>>>>>
2025-10-01 21:45:13.832 - INFO[60] - ------------------------------------------------------------------------------
2025-10-01 21:45:13.937 - ERROR[95] - 	[!! ERROR !!]        Not exists        print_time
2025-10-01 21:45:13.937 - INFO[98] - ------------------------------------------------------------------------------

2025-10-01 21:45:13.938 - INFO[45] - <<<<<<<<<<<<<<<<<<<<<<<<<<<<<< [ Docker LIST ] >>>>>>>>>>>>>>>>>>>>>>>>>>>>>>>
2025-10-01 21:45:13.938 - INFO[47] - ------------------------------------------------------------------------------
2025-10-01 21:45:13.968 - INFO[71] - 	[  RUNNING  ]          ----->          haproxy2.5
2025-10-01 21:45:13.969 - ERROR[75] - 	[!! ERROR !!]          ----->          former-jamong
2025-10-01 21:45:13.969 - INFO[80] - ------------------------------------------------------------------------------

2025-10-01 21:45:13.970 - INFO[39] - <<<<<<<<<<<<<<<<<<<<<<<<<<<<<< [ PROCESS LIST ] >>>>>>>>>>>>>>>>>>>>>>>>>>>>>>
2025-10-01 21:45:13.970 - INFO[42] - ------------------------------------------------------------------------------
2025-10-01 21:45:14.010 - INFO[58] - 	[  RUNNING  ]          ----->          sshd
2025-10-01 21:45:14.010 - INFO[78] - ------------------------------------------------------------------------------
2025-10-01 21:45:14.011 - INFO[75] - ==============================================================================
2025-10-01 21:45:14.011 - INFO[76] - 대상 서비스 개수 : 4
2025-10-01 21:45:14.012 - INFO[77] - 정상 실행 중인 서비스 개수 : 2
2025-10-01 21:45:14.012 - INFO[78] - 비정상 실행 중인 서비스 개수 : 2
2025-10-01 21:45:14.012 - INFO[79] - ==============================================================================
2025-10-01 21:45:51.153 - INFO[56] - supervisor cmd: /DATA/dev_area/jamong/manage_pack/supervisor-kit/svctl status

2025-10-01 21:45:51.154 - INFO[58] - <<<<<<<<<<<<<<<<<<<<<<<<<<<<<< [ SVCTL LIST ] >>>>>>>>>>>>>>>>>>>>>>>>>>>>>>
2025-10-01 21:45:51.154 - INFO[60] - ------------------------------------------------------------------------------
2025-10-01 21:45:51.259 - ERROR[95] - 	[!! ERROR !!]        Not exists        print_time
2025-10-01 21:45:51.259 - INFO[98] - ------------------------------------------------------------------------------

2025-10-01 21:45:51.259 - INFO[45] - <<<<<<<<<<<<<<<<<<<<<<<<<<<<<< [ Docker LIST ] >>>>>>>>>>>>>>>>>>>>>>>>>>>>>>>
2025-10-01 21:45:51.259 - INFO[47] - ------------------------------------------------------------------------------
2025-10-01 21:45:51.289 - INFO[71] - 	[  RUNNING  ]          ----->          haproxy2.5
2025-10-01 21:45:51.290 - ERROR[75] - 	[!! ERROR !!]          ----->          former-jamong
2025-10-01 21:45:51.290 - INFO[80] - ------------------------------------------------------------------------------

2025-10-01 21:45:51.290 - INFO[39] - <<<<<<<<<<<<<<<<<<<<<<<<<<<<<< [ PROCESS LIST ] >>>>>>>>>>>>>>>>>>>>>>>>>>>>>>
2025-10-01 21:45:51.290 - INFO[42] - ------------------------------------------------------------------------------
2025-10-01 21:45:51.327 - INFO[58] - 	[  RUNNING  ]          ----->          sshd
2025-10-01 21:45:51.327 - INFO[78] - ------------------------------------------------------------------------------
2025-10-01 21:45:51.327 - INFO[75] - ==============================================================================
2025-10-01 21:45:51.327 - INFO[76] - 대상 서비스 개수 : 4
2025-10-01 21:45:51.327 - INFO[77] - 정상 실행 중인 서비스 개수 : 2
2025-10-01 21:45:51.327 - INFO[78] - 비정상 실행 중인 서비스 개수 : 2
2025-10-01 21:45:51.327 - INFO[79] - ==============================================================================
2025-10-01 21:46:05.572 - INFO[56] - supervisor cmd: /DATA/dev_area/jamong/manage_pack/supervisor-kit/svctl status

2025-10-01 21:46:05.572 - INFO[58] - <<<<<<<<<<<<<<<<<<<<<<<<<<<<<< [ SVCTL LIST ] >>>>>>>>>>>>>>>>>>>>>>>>>>>>>>
2025-10-01 21:46:05.573 - INFO[60] - ------------------------------------------------------------------------------
2025-10-01 21:46:05.682 - INFO[86] - 	[  RUNNING  ]          ----->          print_time
2025-10-01 21:46:05.682 - INFO[98] - ------------------------------------------------------------------------------

2025-10-01 21:46:05.682 - INFO[45] - <<<<<<<<<<<<<<<<<<<<<<<<<<<<<< [ Docker LIST ] >>>>>>>>>>>>>>>>>>>>>>>>>>>>>>>
2025-10-01 21:46:05.682 - INFO[47] - ------------------------------------------------------------------------------
2025-10-01 21:46:05.712 - INFO[71] - 	[  RUNNING  ]          ----->          haproxy2.5
2025-10-01 21:46:05.713 - ERROR[75] - 	[!! ERROR !!]          ----->          former-jamong
2025-10-01 21:46:05.713 - INFO[80] - ------------------------------------------------------------------------------

2025-10-01 21:46:05.713 - INFO[39] - <<<<<<<<<<<<<<<<<<<<<<<<<<<<<< [ PROCESS LIST ] >>>>>>>>>>>>>>>>>>>>>>>>>>>>>>
2025-10-01 21:46:05.713 - INFO[42] - ------------------------------------------------------------------------------
2025-10-01 21:46:05.751 - INFO[58] - 	[  RUNNING  ]          ----->          sshd
2025-10-01 21:46:05.751 - INFO[78] - ------------------------------------------------------------------------------
2025-10-01 21:46:05.751 - INFO[75] - ==============================================================================
2025-10-01 21:46:05.751 - INFO[76] - 대상 서비스 개수 : 4
2025-10-01 21:46:05.751 - INFO[77] - 정상 실행 중인 서비스 개수 : 3
2025-10-01 21:46:05.751 - INFO[78] - 비정상 실행 중인 서비스 개수 : 1
2025-10-01 21:46:05.751 - INFO[79] - ==============================================================================
2025-10-01 21:46:14.466 - INFO[56] - supervisor cmd: /DATA/dev_area/jamong/manage_pack/supervisor-kit/svctl status

2025-10-01 21:46:14.466 - INFO[58] - <<<<<<<<<<<<<<<<<<<<<<<<<<<<<< [ SVCTL LIST ] >>>>>>>>>>>>>>>>>>>>>>>>>>>>>>
2025-10-01 21:46:14.466 - INFO[60] - ------------------------------------------------------------------------------
2025-10-01 21:46:14.575 - INFO[86] - 	[  RUNNING  ]          ----->          print_time
2025-10-01 21:46:14.575 - INFO[98] - ------------------------------------------------------------------------------

2025-10-01 21:46:14.575 - INFO[45] - <<<<<<<<<<<<<<<<<<<<<<<<<<<<<< [ Docker LIST ] >>>>>>>>>>>>>>>>>>>>>>>>>>>>>>>
2025-10-01 21:46:14.575 - INFO[47] - ------------------------------------------------------------------------------
2025-10-01 21:46:14.605 - INFO[71] - 	[  RUNNING  ]          ----->          haproxy2.5
2025-10-01 21:46:14.605 - ERROR[75] - 	[!! ERROR !!]          ----->          former-jamong
2025-10-01 21:46:14.605 - INFO[80] - ------------------------------------------------------------------------------

2025-10-01 21:46:14.606 - INFO[39] - <<<<<<<<<<<<<<<<<<<<<<<<<<<<<< [ PROCESS LIST ] >>>>>>>>>>>>>>>>>>>>>>>>>>>>>>
2025-10-01 21:46:14.606 - INFO[42] - ------------------------------------------------------------------------------
2025-10-01 21:46:14.643 - INFO[58] - 	[  RUNNING  ]          ----->          sshd
2025-10-01 21:46:14.643 - INFO[78] - ------------------------------------------------------------------------------
2025-10-01 21:46:14.643 - INFO[75] - ==============================================================================
2025-10-01 21:46:14.643 - INFO[76] - 대상 서비스 개수 : 4
2025-10-01 21:46:14.644 - INFO[77] - 정상 실행 중인 서비스 개수 : 3
2025-10-01 21:46:14.644 - INFO[78] - 비정상 실행 중인 서비스 개수 : 1
2025-10-01 21:46:14.644 - INFO[79] - ==============================================================================
