2025-09-27 17:19:54.351 - ERROR[81] - Traceback (most recent call last):
  File "service_monitor.py", line 55, in run
    total_cnt, check_cnt, err_cnt = c_svctl.check_status()
  File "/DATA/dev_area/jamong/manage_service/lib/control_svctl.py", line 44, in check_status
    sub_proc = SubProcess(cmd, timeout)
  File "/DATA/dev_area/jamong/manage_service/lib/sub_process.py", line 38, in __init__
    self.log = kwargs.get('log', self._setting_logger())
  File "/DATA/dev_area/jamong/manage_service/lib/sub_process.py", line 49, in _setting_logger
    log_level=SUBPROCESSConfig.log_level
  File "/DATA/dev_area/jamong/manage_service/lib/logger.py", line 36, in get_timed_rotating_logger
    os.makedirs(kwargs.get('log_dir_path'))
  File "/usr/local/lib/python2.7/os.py", line 150, in makedirs
    makedirs(head, mode)
  File "/usr/local/lib/python2.7/os.py", line 150, in makedirs
    makedirs(head, mode)
  File "/usr/local/lib/python2.7/os.py", line 150, in makedirs
    makedirs(head, mode)
  File "/usr/local/lib/python2.7/os.py", line 157, in makedirs
    mkdir(name, mode)
OSError: [Errno 13] Permission denied: '/log'

2025-09-27 17:20:51.671 - ERROR[81] - Traceback (most recent call last):
  File "service_monitor.py", line 55, in run
    total_cnt, check_cnt, err_cnt = c_svctl.check_status()
  File "/DATA/dev_area/jamong/manage_service/lib/control_svctl.py", line 44, in check_status
    sub_proc = SubProcess(cmd, timeout)
  File "/DATA/dev_area/jamong/manage_service/lib/sub_process.py", line 38, in __init__
    self.log = kwargs.get('log', self._setting_logger())
  File "/DATA/dev_area/jamong/manage_service/lib/sub_process.py", line 49, in _setting_logger
    log_level=SUBPROCESSConfig.log_level
  File "/DATA/dev_area/jamong/manage_service/lib/logger.py", line 36, in get_timed_rotating_logger
    os.makedirs(kwargs.get('log_dir_path'))
  File "/usr/local/lib/python2.7/os.py", line 150, in makedirs
    makedirs(head, mode)
  File "/usr/local/lib/python2.7/os.py", line 150, in makedirs
    makedirs(head, mode)
  File "/usr/local/lib/python2.7/os.py", line 150, in makedirs
    makedirs(head, mode)
  File "/usr/local/lib/python2.7/os.py", line 157, in makedirs
    mkdir(name, mode)
OSError: [Errno 13] Permission denied: '/log'

2025-09-27 17:21:27.649 - ERROR[76] - ERROR [print_time]
2025-09-27 17:21:27.751 - INFO[61] - RUNNING [haproxy2.5]
2025-09-27 17:21:27.853 - INFO[59] - RUNNING [crond]
2025-09-27 17:21:27.853 - INFO[75] - ==============================================================================
2025-09-27 17:21:27.853 - INFO[76] - 대상 서비스 개수 : 3
2025-09-27 17:21:27.853 - INFO[77] - 정상 실행 중인 서비스 개수 : 2
2025-09-27 17:21:27.853 - INFO[78] - 비정상 실행 중인 서비스 개수 : 1
2025-09-27 17:21:27.853 - INFO[79] - ==============================================================================
2025-09-27 17:25:24.430 - ERROR[76] - ERROR [print_time]
2025-09-27 17:25:24.533 - INFO[61] - RUNNING [haproxy2.5]
2025-09-27 17:25:24.635 - INFO[59] - RUNNING [crond]
2025-09-27 17:25:24.635 - INFO[75] - ==============================================================================
2025-09-27 17:25:24.635 - INFO[76] - 대상 서비스 개수 : 3
2025-09-27 17:25:24.635 - INFO[77] - 정상 실행 중인 서비스 개수 : 2
2025-09-27 17:25:24.635 - INFO[78] - 비정상 실행 중인 서비스 개수 : 1
2025-09-27 17:25:24.635 - INFO[79] - ==============================================================================
2025-09-27 17:27:01.400 - ERROR[83] - ERROR [print_time]
2025-09-27 17:27:01.502 - INFO[61] - RUNNING [haproxy2.5]
2025-09-27 17:27:01.604 - INFO[59] - RUNNING [crond]
2025-09-27 17:27:01.605 - INFO[75] - ==============================================================================
2025-09-27 17:27:01.605 - INFO[76] - 대상 서비스 개수 : 3
2025-09-27 17:27:01.605 - INFO[77] - 정상 실행 중인 서비스 개수 : 2
2025-09-27 17:27:01.605 - INFO[78] - 비정상 실행 중인 서비스 개수 : 1
2025-09-27 17:27:01.605 - INFO[79] - ==============================================================================
2025-09-27 17:27:47.458 - ERROR[83] - ERROR [print_time]
2025-09-27 17:27:47.560 - INFO[61] - RUNNING [haproxy2.5]
2025-09-27 17:27:47.662 - INFO[59] - RUNNING [crond]
2025-09-27 17:27:47.662 - INFO[75] - ==============================================================================
2025-09-27 17:27:47.662 - INFO[76] - 대상 서비스 개수 : 3
2025-09-27 17:27:47.662 - INFO[77] - 정상 실행 중인 서비스 개수 : 2
2025-09-27 17:27:47.662 - INFO[78] - 비정상 실행 중인 서비스 개수 : 1
2025-09-27 17:27:47.662 - INFO[79] - ==============================================================================
2025-09-27 17:28:38.113 - INFO[51] - cmd: /DATA/dev_area/jamong/manage_service/lib/engn/svctl status
2025-09-27 17:28:38.215 - ERROR[85] - ERROR [print_time]
2025-09-27 17:28:38.317 - INFO[61] - RUNNING [haproxy2.5]
2025-09-27 17:28:38.419 - INFO[59] - RUNNING [crond]
2025-09-27 17:28:38.419 - INFO[75] - ==============================================================================
2025-09-27 17:28:38.419 - INFO[76] - 대상 서비스 개수 : 3
2025-09-27 17:28:38.420 - INFO[77] - 정상 실행 중인 서비스 개수 : 2
2025-09-27 17:28:38.420 - INFO[78] - 비정상 실행 중인 서비스 개수 : 1
2025-09-27 17:28:38.420 - INFO[79] - ==============================================================================
2025-09-27 17:31:23.123 - INFO[51] - cmd: {}
2025-09-27 17:31:23.325 - INFO[77] - RUNNING [print_time]
2025-09-27 17:31:23.427 - INFO[61] - RUNNING [haproxy2.5]
2025-09-27 17:31:23.530 - INFO[59] - RUNNING [crond]
2025-09-27 17:31:23.530 - INFO[75] - ==============================================================================
2025-09-27 17:31:23.530 - INFO[76] - 대상 서비스 개수 : 3
2025-09-27 17:31:23.530 - INFO[77] - 정상 실행 중인 서비스 개수 : 3
2025-09-27 17:31:23.530 - INFO[78] - 비정상 실행 중인 서비스 개수 : 0
2025-09-27 17:31:23.530 - INFO[79] - ==============================================================================
2025-09-27 17:31:43.211 - INFO[51] - cmd: /DATA/dev_area/jamong/manage_service/engn/svctl status
2025-09-27 17:31:43.412 - INFO[77] - RUNNING [print_time]
2025-09-27 17:31:43.514 - INFO[61] - RUNNING [haproxy2.5]
2025-09-27 17:31:43.616 - INFO[59] - RUNNING [crond]
2025-09-27 17:31:43.616 - INFO[75] - ==============================================================================
2025-09-27 17:31:43.616 - INFO[76] - 대상 서비스 개수 : 3
2025-09-27 17:31:43.616 - INFO[77] - 정상 실행 중인 서비스 개수 : 3
2025-09-27 17:31:43.616 - INFO[78] - 비정상 실행 중인 서비스 개수 : 0
2025-09-27 17:31:43.616 - INFO[79] - ==============================================================================
2025-09-27 17:31:51.239 - INFO[51] - cmd: /DATA/dev_area/jamong/manage_service/engn/svctl status
2025-09-27 17:31:51.441 - INFO[77] - RUNNING [print_time]
2025-09-27 17:31:51.542 - INFO[61] - RUNNING [haproxy2.5]
2025-09-27 17:31:51.644 - INFO[59] - RUNNING [crond]
2025-09-27 17:31:51.645 - INFO[75] - ==============================================================================
2025-09-27 17:31:51.645 - INFO[76] - 대상 서비스 개수 : 3
2025-09-27 17:31:51.645 - INFO[77] - 정상 실행 중인 서비스 개수 : 3
2025-09-27 17:31:51.645 - INFO[78] - 비정상 실행 중인 서비스 개수 : 0
2025-09-27 17:31:51.645 - INFO[79] - ==============================================================================
2025-09-27 17:41:50.713 - INFO[51] - cmd: /DATA/dev_area/jamong/manage_service/engn/svctl status
2025-09-27 17:41:50.916 - INFO[77] - RUNNING [print_time]
2025-09-27 17:41:51.017 - INFO[61] - RUNNING [haproxy2.5]
2025-09-27 17:41:51.120 - INFO[59] - RUNNING [crond]
2025-09-27 17:41:51.120 - INFO[75] - ==============================================================================
2025-09-27 17:41:51.120 - INFO[76] - 대상 서비스 개수 : 3
2025-09-27 17:41:51.120 - INFO[77] - 정상 실행 중인 서비스 개수 : 3
2025-09-27 17:41:51.120 - INFO[78] - 비정상 실행 중인 서비스 개수 : 0
2025-09-27 17:41:51.121 - INFO[79] - ==============================================================================
2025-09-27 17:46:24.037 - INFO[51] - cmd: /DATA/dev_area/jamong/manage_service/engn/svctl status
2025-09-27 17:46:24.240 - INFO[77] - RUNNING [print_time]
2025-09-27 17:46:24.342 - INFO[61] - RUNNING [haproxy2.5]
2025-09-27 17:46:24.444 - INFO[59] - RUNNING [crond]
2025-09-27 17:46:24.445 - INFO[75] - ==============================================================================
2025-09-27 17:46:24.445 - INFO[76] - 대상 서비스 개수 : 3
2025-09-27 17:46:24.445 - INFO[77] - 정상 실행 중인 서비스 개수 : 3
2025-09-27 17:46:24.445 - INFO[78] - 비정상 실행 중인 서비스 개수 : 0
2025-09-27 17:46:24.445 - INFO[79] - ==============================================================================
2025-09-27 20:01:41.662 - INFO[53] - cmd: /DATA/dev_area/jamong/manage_pack/supervisor-kit/svctl status
2025-09-27 20:01:41.864 - ERROR[87] - ERROR [print_time]
2025-09-27 20:01:41.965 - INFO[61] - RUNNING [haproxy2.5]
2025-09-27 20:01:42.067 - INFO[59] - RUNNING [crond]
2025-09-27 20:01:42.068 - INFO[75] - ==============================================================================
2025-09-27 20:01:42.068 - INFO[76] - 대상 서비스 개수 : 3
2025-09-27 20:01:42.068 - INFO[77] - 정상 실행 중인 서비스 개수 : 2
2025-09-27 20:01:42.068 - INFO[78] - 비정상 실행 중인 서비스 개수 : 1
2025-09-27 20:01:42.068 - INFO[79] - ==============================================================================
2025-09-27 20:02:10.551 - INFO[53] - cmd: /DATA/dev_area/jamong/manage_pack/supervisor-kit/svctl status
2025-09-27 20:02:10.753 - INFO[79] - RUNNING [print_time]
2025-09-27 20:02:10.855 - INFO[61] - RUNNING [haproxy2.5]
2025-09-27 20:02:10.957 - INFO[59] - RUNNING [crond]
2025-09-27 20:02:10.958 - INFO[75] - ==============================================================================
2025-09-27 20:02:10.958 - INFO[76] - 대상 서비스 개수 : 3
2025-09-27 20:02:10.958 - INFO[77] - 정상 실행 중인 서비스 개수 : 3
2025-09-27 20:02:10.958 - INFO[78] - 비정상 실행 중인 서비스 개수 : 0
2025-09-27 20:02:10.958 - INFO[79] - ==============================================================================
2025-09-27 20:17:12.497 - INFO[53] - cmd: /DATA/dev_area/jamong/manage_pack/supervisor-kit/svctl status
2025-09-27 20:17:12.700 - INFO[79] - RUNNING [print_time]
2025-09-27 20:17:12.700 - INFO[40] - <<<<<<<<<<<<<<<<<<<<<<<<<<<<<< [ ENGINE LIST ] >>>>>>>>>>>>>>>>>>>>>>>>>>>>>>>

2025-09-27 20:17:12.700 - INFO[41] - ******************************************************************************
2025-09-27 20:17:12.700 - INFO[42] - ------------------------------------------------------------------------------
2025-09-27 20:17:12.750 - INFO[66] - 	[  RUNNING  ]          ----->          haproxy2.5
2025-09-27 20:17:12.750 - INFO[74] - ------------------------------------------------------------------------------
2025-09-27 20:17:12.750 - INFO[75] - ******************************************************************************

2025-09-27 20:17:12.853 - INFO[59] - RUNNING [crond]
2025-09-27 20:17:12.853 - INFO[75] - ==============================================================================
2025-09-27 20:17:12.853 - INFO[76] - 대상 서비스 개수 : 3
2025-09-27 20:17:12.853 - INFO[77] - 정상 실행 중인 서비스 개수 : 3
2025-09-27 20:17:12.853 - INFO[78] - 비정상 실행 중인 서비스 개수 : 0
2025-09-27 20:17:12.853 - INFO[79] - ==============================================================================
2025-09-27 20:25:23.053 - INFO[53] - cmd: /DATA/dev_area/jamong/manage_pack/supervisor-kit/svctl status
2025-09-27 20:25:23.256 - INFO[79] - RUNNING [print_time]
2025-09-27 20:25:23.256 - INFO[41] - <<<<<<<<<<<<<<<<<<<<<<<<<<<<<< [ ENGINE LIST ] >>>>>>>>>>>>>>>>>>>>>>>>>>>>>>>

2025-09-27 20:25:23.256 - INFO[42] - ******************************************************************************
2025-09-27 20:25:23.256 - INFO[43] - ------------------------------------------------------------------------------
2025-09-27 20:25:23.295 - INFO[68] - 	[  RUNNING  ]          ----->          haproxy2.5
2025-09-27 20:25:23.295 - INFO[77] - ------------------------------------------------------------------------------
2025-09-27 20:25:23.295 - INFO[78] - ******************************************************************************

2025-09-27 20:25:23.398 - INFO[59] - RUNNING [crond]
2025-09-27 20:25:23.398 - INFO[75] - ==============================================================================
2025-09-27 20:25:23.398 - INFO[76] - 대상 서비스 개수 : 3
2025-09-27 20:25:23.398 - INFO[77] - 정상 실행 중인 서비스 개수 : 3
2025-09-27 20:25:23.398 - INFO[78] - 비정상 실행 중인 서비스 개수 : 0
2025-09-27 20:25:23.398 - INFO[79] - ==============================================================================
2025-09-27 20:26:14.803 - INFO[53] - cmd: /DATA/dev_area/jamong/manage_pack/supervisor-kit/svctl status
2025-09-27 20:26:15.006 - INFO[79] - RUNNING [print_time]
2025-09-27 20:26:15.006 - INFO[41] - <<<<<<<<<<<<<<<<<<<<<<<<<<<<<< [ ENGINE LIST ] >>>>>>>>>>>>>>>>>>>>>>>>>>>>>>>

2025-09-27 20:26:15.006 - INFO[42] - ******************************************************************************
2025-09-27 20:26:15.006 - INFO[43] - ------------------------------------------------------------------------------
2025-09-27 20:26:15.044 - ERROR[72] - [!! ERROR !!]          ----->          haproxy2.5
2025-09-27 20:26:15.044 - INFO[77] - ------------------------------------------------------------------------------
2025-09-27 20:26:15.044 - INFO[78] - ******************************************************************************

2025-09-27 20:26:15.147 - INFO[59] - RUNNING [crond]
2025-09-27 20:26:15.148 - INFO[75] - ==============================================================================
2025-09-27 20:26:15.148 - INFO[76] - 대상 서비스 개수 : 3
2025-09-27 20:26:15.148 - INFO[77] - 정상 실행 중인 서비스 개수 : 2
2025-09-27 20:26:15.148 - INFO[78] - 비정상 실행 중인 서비스 개수 : 1
2025-09-27 20:26:15.148 - INFO[79] - ==============================================================================
2025-09-27 20:26:45.251 - INFO[53] - cmd: /DATA/dev_area/jamong/manage_pack/supervisor-kit/svctl status
2025-09-27 20:26:45.453 - INFO[79] - RUNNING [print_time]
2025-09-27 20:26:45.453 - INFO[41] - <<<<<<<<<<<<<<<<<<<<<<<<<<<<<< [ ENGINE LIST ] >>>>>>>>>>>>>>>>>>>>>>>>>>>>>>>

2025-09-27 20:26:45.453 - INFO[42] - ******************************************************************************
2025-09-27 20:26:45.453 - INFO[43] - ------------------------------------------------------------------------------
2025-09-27 20:26:45.489 - ERROR[75] - 	[!! ERROR !!]        Not exists        thaproxy2.5
2025-09-27 20:26:45.490 - INFO[77] - ------------------------------------------------------------------------------
2025-09-27 20:26:45.490 - INFO[78] - ******************************************************************************

2025-09-27 20:26:45.593 - INFO[59] - RUNNING [crond]
2025-09-27 20:26:45.593 - INFO[75] - ==============================================================================
2025-09-27 20:26:45.593 - INFO[76] - 대상 서비스 개수 : 3
2025-09-27 20:26:45.593 - INFO[77] - 정상 실행 중인 서비스 개수 : 2
2025-09-27 20:26:45.593 - INFO[78] - 비정상 실행 중인 서비스 개수 : 1
2025-09-27 20:26:45.593 - INFO[79] - ==============================================================================
2025-09-27 20:27:14.966 - INFO[53] - cmd: /DATA/dev_area/jamong/manage_pack/supervisor-kit/svctl status
2025-09-27 20:27:15.169 - INFO[79] - RUNNING [print_time]
2025-09-27 20:27:15.169 - INFO[41] - <<<<<<<<<<<<<<<<<<<<<<<<<<<<<< [ ENGINE LIST ] >>>>>>>>>>>>>>>>>>>>>>>>>>>>>>>

2025-09-27 20:27:15.169 - INFO[42] - ******************************************************************************
2025-09-27 20:27:15.169 - INFO[43] - ------------------------------------------------------------------------------
2025-09-27 20:27:15.206 - ERROR[75] - 	[!! ERROR !!]        Not exists        thaproxy2.5
2025-09-27 20:27:15.206 - INFO[77] - ------------------------------------------------------------------------------
2025-09-27 20:27:15.206 - INFO[78] - ******************************************************************************

2025-09-27 20:27:15.308 - INFO[59] - RUNNING [crond]
2025-09-27 20:27:15.309 - INFO[75] - ==============================================================================
2025-09-27 20:27:15.309 - INFO[76] - 대상 서비스 개수 : 3
2025-09-27 20:27:15.309 - INFO[77] - 정상 실행 중인 서비스 개수 : 2
2025-09-27 20:27:15.309 - INFO[78] - 비정상 실행 중인 서비스 개수 : 1
2025-09-27 20:27:15.309 - INFO[79] - ==============================================================================
2025-09-27 20:29:32.301 - INFO[53] - cmd: /DATA/dev_area/jamong/manage_pack/supervisor-kit/svctl status
2025-09-27 20:29:32.504 - INFO[79] - RUNNING [print_time]
2025-09-27 20:29:32.504 - INFO[41] - <<<<<<<<<<<<<<<<<<<<<<<<<<<<<< [ ENGINE LIST ] >>>>>>>>>>>>>>>>>>>>>>>>>>>>>>>

2025-09-27 20:29:32.505 - INFO[42] - ******************************************************************************
2025-09-27 20:29:32.505 - INFO[43] - ------------------------------------------------------------------------------
2025-09-27 20:29:32.542 - INFO[68] - 	[  RUNNING  ]          ----->          haproxy2.5
2025-09-27 20:29:32.542 - INFO[77] - ------------------------------------------------------------------------------
2025-09-27 20:29:32.542 - INFO[78] - ******************************************************************************

2025-09-27 20:29:32.645 - INFO[59] - RUNNING [crond]
2025-09-27 20:29:32.645 - INFO[75] - ==============================================================================
2025-09-27 20:29:32.645 - INFO[76] - 대상 서비스 개수 : 3
2025-09-27 20:29:32.645 - INFO[77] - 정상 실행 중인 서비스 개수 : 3
2025-09-27 20:29:32.645 - INFO[78] - 비정상 실행 중인 서비스 개수 : 0
2025-09-27 20:29:32.645 - INFO[79] - ==============================================================================
2025-09-27 20:31:18.035 - INFO[53] - cmd: /DATA/dev_area/jamong/manage_pack/supervisor-kit/svctl status
2025-09-27 20:31:18.237 - INFO[79] - RUNNING [print_time]
2025-09-27 20:31:18.238 - INFO[41] - <<<<<<<<<<<<<<<<<<<<<<<<<<<<<< [ ENGINE LIST ] >>>>>>>>>>>>>>>>>>>>>>>>>>>>>>>

2025-09-27 20:31:18.238 - INFO[42] - ******************************************************************************
2025-09-27 20:31:18.238 - INFO[43] - ------------------------------------------------------------------------------
2025-09-27 20:31:18.277 - INFO[68] - 	[  RUNNING  ]          ----->          haproxy2.5
2025-09-27 20:31:18.278 - INFO[76] - ------------------------------------------------------------------------------
2025-09-27 20:31:18.278 - INFO[77] - ******************************************************************************

2025-09-27 20:31:18.381 - ERROR[81] - Traceback (most recent call last):
  File "service_monitor.py", line 73, in run
    total_cnt, check_cnt, err_cnt = c_systemctl.run()
  File "/DATA/dev_area/jamong/manage_pack/manage_service/lib/check_systemctl.py", line 60, in run
    "{}{}".format(StrPack.RUNNING_STR, service)
NameError: global name 'StrPack' is not defined

2025-09-27 20:31:36.022 - INFO[53] - cmd: /DATA/dev_area/jamong/manage_pack/supervisor-kit/svctl status
2025-09-27 20:31:36.225 - INFO[79] - RUNNING [print_time]
2025-09-27 20:31:36.225 - INFO[41] - <<<<<<<<<<<<<<<<<<<<<<<<<<<<<< [ ENGINE LIST ] >>>>>>>>>>>>>>>>>>>>>>>>>>>>>>>

2025-09-27 20:31:36.225 - INFO[42] - ******************************************************************************
2025-09-27 20:31:36.225 - INFO[43] - ------------------------------------------------------------------------------
2025-09-27 20:31:36.263 - INFO[68] - 	[  RUNNING  ]          ----->          haproxy2.5
2025-09-27 20:31:36.264 - INFO[76] - ------------------------------------------------------------------------------
2025-09-27 20:31:36.264 - INFO[77] - ******************************************************************************

2025-09-27 20:31:36.366 - INFO[61] - 	[  RUNNING  ]          ----->          crond
2025-09-27 20:31:36.367 - INFO[75] - ==============================================================================
2025-09-27 20:31:36.367 - INFO[76] - 대상 서비스 개수 : 3
2025-09-27 20:31:36.367 - INFO[77] - 정상 실행 중인 서비스 개수 : 3
2025-09-27 20:31:36.367 - INFO[78] - 비정상 실행 중인 서비스 개수 : 0
2025-09-27 20:31:36.367 - INFO[79] - ==============================================================================
2025-09-27 20:32:28.131 - INFO[53] - cmd: /DATA/dev_area/jamong/manage_pack/supervisor-kit/svctl status
2025-09-27 20:32:28.334 - INFO[79] - RUNNING [print_time]
2025-09-27 20:32:28.334 - INFO[41] - <<<<<<<<<<<<<<<<<<<<<<<<<<<<<< [ ENGINE LIST ] >>>>>>>>>>>>>>>>>>>>>>>>>>>>>>>

2025-09-27 20:32:28.335 - INFO[42] - ******************************************************************************
2025-09-27 20:32:28.335 - INFO[43] - ------------------------------------------------------------------------------
2025-09-27 20:32:28.370 - INFO[68] - 	[  RUNNING  ]          ----->          haproxy2.5
2025-09-27 20:32:28.370 - INFO[76] - ------------------------------------------------------------------------------
2025-09-27 20:32:28.370 - INFO[77] - ******************************************************************************

2025-09-27 20:32:28.474 - INFO[61] - 	[  RUNNING  ]          ----->          crond
2025-09-27 20:32:28.474 - INFO[75] - ==============================================================================
2025-09-27 20:32:28.474 - INFO[76] - 대상 서비스 개수 : 3
2025-09-27 20:32:28.474 - INFO[77] - 정상 실행 중인 서비스 개수 : 3
2025-09-27 20:32:28.474 - INFO[78] - 비정상 실행 중인 서비스 개수 : 0
2025-09-27 20:32:28.474 - INFO[79] - ==============================================================================
2025-09-27 20:32:40.110 - INFO[53] - cmd: /DATA/dev_area/jamong/manage_pack/supervisor-kit/svctl status
2025-09-27 20:32:40.312 - INFO[79] - RUNNING [print_time]
2025-09-27 20:32:40.313 - INFO[41] - <<<<<<<<<<<<<<<<<<<<<<<<<<<<<< [ ENGINE LIST ] >>>>>>>>>>>>>>>>>>>>>>>>>>>>>>>

2025-09-27 20:32:40.313 - INFO[42] - ******************************************************************************
2025-09-27 20:32:40.313 - INFO[43] - ------------------------------------------------------------------------------
2025-09-27 20:32:40.348 - INFO[68] - 	[  RUNNING  ]          ----->          haproxy2.5
2025-09-27 20:32:40.348 - INFO[76] - ------------------------------------------------------------------------------
2025-09-27 20:32:40.348 - INFO[77] - ******************************************************************************

2025-09-27 20:32:40.451 - ERROR[70] - 	[!! ERROR !!]        Not exists        crond
2025-09-27 20:32:40.452 - INFO[75] - ==============================================================================
2025-09-27 20:32:40.452 - INFO[76] - 대상 서비스 개수 : 3
2025-09-27 20:32:40.452 - INFO[77] - 정상 실행 중인 서비스 개수 : 2
2025-09-27 20:32:40.452 - INFO[78] - 비정상 실행 중인 서비스 개수 : 1
2025-09-27 20:32:40.452 - INFO[79] - ==============================================================================
2025-09-27 20:34:17.227 - INFO[53] - cmd: /DATA/dev_area/jamong/manage_pack/supervisor-kit/svctl status
2025-09-27 20:34:17.429 - INFO[79] - RUNNING [print_time]
2025-09-27 20:34:17.429 - INFO[41] - <<<<<<<<<<<<<<<<<<<<<<<<<<<<<< [ ENGINE LIST ] >>>>>>>>>>>>>>>>>>>>>>>>>>>>>>>

2025-09-27 20:34:17.429 - INFO[42] - ******************************************************************************
2025-09-27 20:34:17.430 - INFO[43] - ------------------------------------------------------------------------------
2025-09-27 20:34:17.466 - INFO[68] - 	[  RUNNING  ]          ----->          haproxy2.5
2025-09-27 20:34:17.466 - INFO[76] - ------------------------------------------------------------------------------
2025-09-27 20:34:17.466 - INFO[77] - ******************************************************************************

2025-09-27 20:34:17.569 - ERROR[81] - Traceback (most recent call last):
  File "service_monitor.py", line 73, in run
    total_cnt, check_cnt, err_cnt = c_systemctl.run()
  File "/DATA/dev_area/jamong/manage_pack/manage_service/lib/check_systemctl.py", line 49, in run
    if running_status in result:
TypeError: 'in <string>' requires string as left operand, not list

2025-09-27 20:36:04.529 - INFO[53] - cmd: /DATA/dev_area/jamong/manage_pack/supervisor-kit/svctl status
2025-09-27 20:36:04.731 - INFO[79] - RUNNING [print_time]
2025-09-27 20:36:04.732 - INFO[41] - <<<<<<<<<<<<<<<<<<<<<<<<<<<<<< [ ENGINE LIST ] >>>>>>>>>>>>>>>>>>>>>>>>>>>>>>>

2025-09-27 20:36:04.732 - INFO[42] - ******************************************************************************
2025-09-27 20:36:04.732 - INFO[43] - ------------------------------------------------------------------------------
2025-09-27 20:36:04.773 - INFO[68] - 	[  RUNNING  ]          ----->          haproxy2.5
2025-09-27 20:36:04.774 - INFO[76] - ------------------------------------------------------------------------------
2025-09-27 20:36:04.774 - INFO[77] - ******************************************************************************

2025-09-27 20:36:04.876 - ERROR[69] - 	[!! ERROR !!]        Not exists        crond
2025-09-27 20:36:04.877 - INFO[75] - ==============================================================================
2025-09-27 20:36:04.877 - INFO[76] - 대상 서비스 개수 : 3
2025-09-27 20:36:04.877 - INFO[77] - 정상 실행 중인 서비스 개수 : 2
2025-09-27 20:36:04.877 - INFO[78] - 비정상 실행 중인 서비스 개수 : 1
2025-09-27 20:36:04.877 - INFO[79] - ==============================================================================
2025-09-27 20:36:25.056 - INFO[53] - cmd: /DATA/dev_area/jamong/manage_pack/supervisor-kit/svctl status
2025-09-27 20:36:25.259 - INFO[79] - RUNNING [print_time]
2025-09-27 20:36:25.259 - INFO[41] - <<<<<<<<<<<<<<<<<<<<<<<<<<<<<< [ ENGINE LIST ] >>>>>>>>>>>>>>>>>>>>>>>>>>>>>>>

2025-09-27 20:36:25.259 - INFO[42] - ******************************************************************************
2025-09-27 20:36:25.259 - INFO[43] - ------------------------------------------------------------------------------
2025-09-27 20:36:25.301 - INFO[68] - 	[  RUNNING  ]          ----->          haproxy2.5
2025-09-27 20:36:25.301 - INFO[76] - ------------------------------------------------------------------------------
2025-09-27 20:36:25.301 - INFO[77] - ******************************************************************************

2025-09-27 20:36:25.404 - INFO[48] - result -> ○ crond.service - Command Scheduler
2025-09-27 20:36:25.404 - INFO[48] - result ->      Loaded: loaded (/usr/lib/systemd/system/crond.service; enabled; preset: enabled)
2025-09-27 20:36:25.404 - INFO[48] - result ->      Active: inactive (dead) since Sat 2025-09-27 20:32:36 KST; 3min 48s ago
2025-09-27 20:36:25.404 - INFO[48] - result ->    Duration: 1w 5d 19h 23min 4.416s
2025-09-27 20:36:25.405 - INFO[48] - result ->     Process: 4187099 ExecStart=/usr/sbin/crond -n $CRONDARGS (code=exited, status=0/SUCCESS)
2025-09-27 20:36:25.405 - INFO[48] - result ->    Main PID: 4187099 (code=exited, status=0/SUCCESS)
2025-09-27 20:36:25.405 - INFO[48] - result ->         CPU: 5min 22.204s
2025-09-27 20:36:25.405 - INFO[48] - result -> 
2025-09-27 20:36:25.405 - INFO[48] - result ->  9월 27 19:01:01 AICC-DevTrain run-parts[2242847]: (/etc/cron.hourly) finished 0anacron
2025-09-27 20:36:25.405 - INFO[48] - result ->  9월 27 19:01:01 AICC-DevTrain CROND[2242835]: (root) CMDEND (run-parts /etc/cron.hourly)
2025-09-27 20:36:25.405 - INFO[48] - result ->  9월 27 20:01:01 AICC-DevTrain CROND[2298130]: (root) CMD (run-parts /etc/cron.hourly)
2025-09-27 20:36:25.405 - INFO[48] - result ->  9월 27 20:01:01 AICC-DevTrain run-parts[2298140]: (/etc/cron.hourly) finished 0anacron
2025-09-27 20:36:25.405 - INFO[48] - result ->  9월 27 20:01:01 AICC-DevTrain CROND[2298128]: (root) CMDEND (run-parts /etc/cron.hourly)
2025-09-27 20:36:25.405 - INFO[48] - result ->  9월 27 20:32:36 AICC-DevTrain systemd[1]: Stopping Command Scheduler...
2025-09-27 20:36:25.405 - INFO[48] - result ->  9월 27 20:32:36 AICC-DevTrain crond[4187099]: (CRON) INFO (Shutting down)
2025-09-27 20:36:25.405 - INFO[48] - result ->  9월 27 20:32:36 AICC-DevTrain systemd[1]: crond.service: Deactivated successfully.
2025-09-27 20:36:25.405 - INFO[48] - result ->  9월 27 20:32:36 AICC-DevTrain systemd[1]: Stopped Command Scheduler.
2025-09-27 20:36:25.405 - INFO[48] - result ->  9월 27 20:32:36 AICC-DevTrain systemd[1]: crond.service: Consumed 5min 22.204s CPU time.
2025-09-27 20:36:25.405 - INFO[48] - result -> 
2025-09-27 20:36:25.405 - ERROR[70] - 	[!! ERROR !!]        Not exists        crond
2025-09-27 20:36:25.405 - INFO[75] - ==============================================================================
2025-09-27 20:36:25.405 - INFO[76] - 대상 서비스 개수 : 3
2025-09-27 20:36:25.405 - INFO[77] - 정상 실행 중인 서비스 개수 : 2
2025-09-27 20:36:25.405 - INFO[78] - 비정상 실행 중인 서비스 개수 : 1
2025-09-27 20:36:25.405 - INFO[79] - ==============================================================================
2025-09-27 20:37:15.787 - INFO[53] - cmd: /DATA/dev_area/jamong/manage_pack/supervisor-kit/svctl status
2025-09-27 20:37:15.990 - INFO[79] - RUNNING [print_time]
2025-09-27 20:37:15.990 - INFO[41] - <<<<<<<<<<<<<<<<<<<<<<<<<<<<<< [ ENGINE LIST ] >>>>>>>>>>>>>>>>>>>>>>>>>>>>>>>

2025-09-27 20:37:15.990 - INFO[42] - ******************************************************************************
2025-09-27 20:37:15.990 - INFO[43] - ------------------------------------------------------------------------------
2025-09-27 20:37:16.031 - INFO[68] - 	[  RUNNING  ]          ----->          haproxy2.5
2025-09-27 20:37:16.031 - INFO[76] - ------------------------------------------------------------------------------
2025-09-27 20:37:16.031 - INFO[77] - ******************************************************************************

2025-09-27 20:37:16.134 - INFO[48] - result -> ○ crond.service - Command Scheduler
2025-09-27 20:37:16.134 - INFO[48] - result ->      Loaded: loaded (/usr/lib/systemd/system/crond.service; enabled; preset: enabled)
2025-09-27 20:37:16.134 - INFO[48] - result ->      Active: inactive (dead) since Sat 2025-09-27 20:32:36 KST; 4min 39s ago
2025-09-27 20:37:16.134 - ERROR[81] - Traceback (most recent call last):
  File "service_monitor.py", line 73, in run
    total_cnt, check_cnt, err_cnt = c_systemctl.run()
  File "/DATA/dev_area/jamong/manage_pack/manage_service/lib/check_systemctl.py", line 52, in run
    service_status = running_status
NameError: global name 'running_status' is not defined

2025-09-27 20:37:46.727 - INFO[53] - cmd: /DATA/dev_area/jamong/manage_pack/supervisor-kit/svctl status
2025-09-27 20:37:46.931 - INFO[79] - RUNNING [print_time]
2025-09-27 20:37:46.931 - INFO[41] - <<<<<<<<<<<<<<<<<<<<<<<<<<<<<< [ ENGINE LIST ] >>>>>>>>>>>>>>>>>>>>>>>>>>>>>>>

2025-09-27 20:37:46.931 - INFO[42] - ******************************************************************************
2025-09-27 20:37:46.931 - INFO[43] - ------------------------------------------------------------------------------
2025-09-27 20:37:46.969 - INFO[68] - 	[  RUNNING  ]          ----->          haproxy2.5
2025-09-27 20:37:46.969 - INFO[76] - ------------------------------------------------------------------------------
2025-09-27 20:37:46.969 - INFO[77] - ******************************************************************************

2025-09-27 20:37:47.072 - INFO[49] - result -> ○ crond.service - Command Scheduler
2025-09-27 20:37:47.072 - INFO[49] - result ->      Loaded: loaded (/usr/lib/systemd/system/crond.service; enabled; preset: enabled)
2025-09-27 20:37:47.072 - INFO[49] - result ->      Active: inactive (dead) since Sat 2025-09-27 20:32:36 KST; 5min ago
2025-09-27 20:37:47.072 - INFO[49] - result ->    Duration: 1w 5d 19h 23min 4.416s
2025-09-27 20:37:47.072 - INFO[49] - result ->     Process: 4187099 ExecStart=/usr/sbin/crond -n $CRONDARGS (code=exited, status=0/SUCCESS)
2025-09-27 20:37:47.072 - INFO[49] - result ->    Main PID: 4187099 (code=exited, status=0/SUCCESS)
2025-09-27 20:37:47.072 - INFO[49] - result ->         CPU: 5min 22.204s
2025-09-27 20:37:47.072 - INFO[49] - result -> 
2025-09-27 20:37:47.072 - INFO[49] - result ->  9월 27 19:01:01 AICC-DevTrain run-parts[2242847]: (/etc/cron.hourly) finished 0anacron
2025-09-27 20:37:47.072 - INFO[49] - result ->  9월 27 19:01:01 AICC-DevTrain CROND[2242835]: (root) CMDEND (run-parts /etc/cron.hourly)
2025-09-27 20:37:47.072 - INFO[49] - result ->  9월 27 20:01:01 AICC-DevTrain CROND[2298130]: (root) CMD (run-parts /etc/cron.hourly)
2025-09-27 20:37:47.072 - INFO[49] - result ->  9월 27 20:01:01 AICC-DevTrain run-parts[2298140]: (/etc/cron.hourly) finished 0anacron
2025-09-27 20:37:47.072 - INFO[49] - result ->  9월 27 20:01:01 AICC-DevTrain CROND[2298128]: (root) CMDEND (run-parts /etc/cron.hourly)
2025-09-27 20:37:47.072 - INFO[49] - result ->  9월 27 20:32:36 AICC-DevTrain systemd[1]: Stopping Command Scheduler...
2025-09-27 20:37:47.072 - INFO[49] - result ->  9월 27 20:32:36 AICC-DevTrain crond[4187099]: (CRON) INFO (Shutting down)
2025-09-27 20:37:47.072 - INFO[49] - result ->  9월 27 20:32:36 AICC-DevTrain systemd[1]: crond.service: Deactivated successfully.
2025-09-27 20:37:47.072 - INFO[49] - result ->  9월 27 20:32:36 AICC-DevTrain systemd[1]: Stopped Command Scheduler.
2025-09-27 20:37:47.073 - INFO[49] - result ->  9월 27 20:32:36 AICC-DevTrain systemd[1]: crond.service: Consumed 5min 22.204s CPU time.
2025-09-27 20:37:47.073 - INFO[49] - result -> 
2025-09-27 20:37:47.073 - INFO[75] - ==============================================================================
2025-09-27 20:37:47.073 - INFO[76] - 대상 서비스 개수 : 3
2025-09-27 20:37:47.073 - INFO[77] - 정상 실행 중인 서비스 개수 : 2
2025-09-27 20:37:47.073 - INFO[78] - 비정상 실행 중인 서비스 개수 : 0
2025-09-27 20:37:47.073 - INFO[79] - ==============================================================================
2025-09-27 20:38:03.296 - INFO[53] - cmd: /DATA/dev_area/jamong/manage_pack/supervisor-kit/svctl status
2025-09-27 20:38:03.499 - INFO[79] - RUNNING [print_time]
2025-09-27 20:38:03.500 - INFO[41] - <<<<<<<<<<<<<<<<<<<<<<<<<<<<<< [ ENGINE LIST ] >>>>>>>>>>>>>>>>>>>>>>>>>>>>>>>

2025-09-27 20:38:03.500 - INFO[42] - ******************************************************************************
2025-09-27 20:38:03.500 - INFO[43] - ------------------------------------------------------------------------------
2025-09-27 20:38:03.539 - INFO[68] - 	[  RUNNING  ]          ----->          haproxy2.5
2025-09-27 20:38:03.539 - INFO[76] - ------------------------------------------------------------------------------
2025-09-27 20:38:03.539 - INFO[77] - ******************************************************************************

2025-09-27 20:38:03.641 - INFO[75] - ==============================================================================
2025-09-27 20:38:03.642 - INFO[76] - 대상 서비스 개수 : 3
2025-09-27 20:38:03.642 - INFO[77] - 정상 실행 중인 서비스 개수 : 2
2025-09-27 20:38:03.642 - INFO[78] - 비정상 실행 중인 서비스 개수 : 0
2025-09-27 20:38:03.642 - INFO[79] - ==============================================================================
2025-09-27 20:39:45.073 - INFO[53] - cmd: /DATA/dev_area/jamong/manage_pack/supervisor-kit/svctl status
2025-09-27 20:39:45.276 - INFO[79] - RUNNING [print_time]
2025-09-27 20:39:45.276 - INFO[41] - <<<<<<<<<<<<<<<<<<<<<<<<<<<<<< [ ENGINE LIST ] >>>>>>>>>>>>>>>>>>>>>>>>>>>>>>>

2025-09-27 20:39:45.276 - INFO[42] - ******************************************************************************
2025-09-27 20:39:45.276 - INFO[43] - ------------------------------------------------------------------------------
2025-09-27 20:39:45.315 - INFO[68] - 	[  RUNNING  ]          ----->          haproxy2.5
2025-09-27 20:39:45.315 - INFO[76] - ------------------------------------------------------------------------------
2025-09-27 20:39:45.315 - INFO[77] - ******************************************************************************

2025-09-27 20:39:45.417 - INFO[50] - result -> ○ crond.service - Command Scheduler
2025-09-27 20:39:45.418 - INFO[50] - result ->      Loaded: loaded (/usr/lib/systemd/system/crond.service; enabled; preset: enabled)
2025-09-27 20:39:45.418 - INFO[50] - result ->      Active: inactive (dead) since Sat 2025-09-27 20:32:36 KST; 7min ago
2025-09-27 20:39:45.418 - INFO[50] - result ->    Duration: 1w 5d 19h 23min 4.416s
2025-09-27 20:39:45.418 - INFO[50] - result ->     Process: 4187099 ExecStart=/usr/sbin/crond -n $CRONDARGS (code=exited, status=0/SUCCESS)
2025-09-27 20:39:45.418 - INFO[50] - result ->    Main PID: 4187099 (code=exited, status=0/SUCCESS)
2025-09-27 20:39:45.418 - INFO[50] - result ->         CPU: 5min 22.204s
2025-09-27 20:39:45.418 - INFO[50] - result -> 
2025-09-27 20:39:45.418 - INFO[50] - result ->  9월 27 19:01:01 AICC-DevTrain run-parts[2242847]: (/etc/cron.hourly) finished 0anacron
2025-09-27 20:39:45.418 - INFO[50] - result ->  9월 27 19:01:01 AICC-DevTrain CROND[2242835]: (root) CMDEND (run-parts /etc/cron.hourly)
2025-09-27 20:39:45.418 - INFO[50] - result ->  9월 27 20:01:01 AICC-DevTrain CROND[2298130]: (root) CMD (run-parts /etc/cron.hourly)
2025-09-27 20:39:45.418 - INFO[50] - result ->  9월 27 20:01:01 AICC-DevTrain run-parts[2298140]: (/etc/cron.hourly) finished 0anacron
2025-09-27 20:39:45.418 - INFO[50] - result ->  9월 27 20:01:01 AICC-DevTrain CROND[2298128]: (root) CMDEND (run-parts /etc/cron.hourly)
2025-09-27 20:39:45.419 - INFO[50] - result ->  9월 27 20:32:36 AICC-DevTrain systemd[1]: Stopping Command Scheduler...
2025-09-27 20:39:45.419 - INFO[50] - result ->  9월 27 20:32:36 AICC-DevTrain crond[4187099]: (CRON) INFO (Shutting down)
2025-09-27 20:39:45.419 - INFO[50] - result ->  9월 27 20:32:36 AICC-DevTrain systemd[1]: crond.service: Deactivated successfully.
2025-09-27 20:39:45.419 - INFO[50] - result ->  9월 27 20:32:36 AICC-DevTrain systemd[1]: Stopped Command Scheduler.
2025-09-27 20:39:45.419 - INFO[50] - result ->  9월 27 20:32:36 AICC-DevTrain systemd[1]: crond.service: Consumed 5min 22.204s CPU time.
2025-09-27 20:39:45.419 - INFO[50] - result -> 
2025-09-27 20:39:45.419 - INFO[63] - 	[  RUNNING  ]          ----->          crond
2025-09-27 20:39:45.419 - INFO[75] - ==============================================================================
2025-09-27 20:39:45.419 - INFO[76] - 대상 서비스 개수 : 3
2025-09-27 20:39:45.419 - INFO[77] - 정상 실행 중인 서비스 개수 : 3
2025-09-27 20:39:45.419 - INFO[78] - 비정상 실행 중인 서비스 개수 : 0
2025-09-27 20:39:45.419 - INFO[79] - ==============================================================================
2025-09-27 20:40:01.557 - INFO[53] - cmd: /DATA/dev_area/jamong/manage_pack/supervisor-kit/svctl status
2025-09-27 20:40:01.760 - INFO[79] - RUNNING [print_time]
2025-09-27 20:40:01.760 - INFO[41] - <<<<<<<<<<<<<<<<<<<<<<<<<<<<<< [ ENGINE LIST ] >>>>>>>>>>>>>>>>>>>>>>>>>>>>>>>

2025-09-27 20:40:01.760 - INFO[42] - ******************************************************************************
2025-09-27 20:40:01.760 - INFO[43] - ------------------------------------------------------------------------------
2025-09-27 20:40:01.800 - INFO[68] - 	[  RUNNING  ]          ----->          haproxy2.5
2025-09-27 20:40:01.800 - INFO[76] - ------------------------------------------------------------------------------
2025-09-27 20:40:01.800 - INFO[77] - ******************************************************************************

2025-09-27 20:40:01.903 - INFO[50] - result -> ● crond.service - Command Scheduler
2025-09-27 20:40:01.903 - INFO[50] - result ->      Loaded: loaded (/usr/lib/systemd/system/crond.service; enabled; preset: enabled)
2025-09-27 20:40:01.904 - INFO[50] - result ->      Active: active (running) since Sat 2025-09-27 20:39:58 KST; 3s ago
2025-09-27 20:40:01.904 - INFO[50] - result ->    Main PID: 2341098 (crond)
2025-09-27 20:40:01.904 - INFO[50] - result ->       Tasks: 1 (limit: 818519)
2025-09-27 20:40:01.904 - INFO[50] - result ->      Memory: 1.0M
2025-09-27 20:40:01.904 - INFO[50] - result ->         CPU: 17ms
2025-09-27 20:40:01.904 - INFO[50] - result ->      CGroup: /system.slice/crond.service
2025-09-27 20:40:01.904 - INFO[50] - result ->              └─2341098 /usr/sbin/crond -n
2025-09-27 20:40:01.904 - INFO[50] - result -> 
2025-09-27 20:40:01.904 - INFO[50] - result ->  9월 27 20:39:58 AICC-DevTrain systemd[1]: Started Command Scheduler.
2025-09-27 20:40:01.904 - INFO[50] - result ->  9월 27 20:39:58 AICC-DevTrain crond[2341098]: (CRON) STARTUP (1.5.7)
2025-09-27 20:40:01.904 - INFO[50] - result ->  9월 27 20:39:58 AICC-DevTrain crond[2341098]: (CRON) INFO (Syslog will be used instead of sendmail.)
2025-09-27 20:40:01.904 - INFO[50] - result ->  9월 27 20:39:58 AICC-DevTrain crond[2341098]: (CRON) INFO (RANDOM_DELAY will be scaled with factor 11% if used.)
2025-09-27 20:40:01.904 - INFO[50] - result ->  9월 27 20:39:58 AICC-DevTrain crond[2341098]: (CRON) INFO (running with inotify support)
2025-09-27 20:40:01.904 - INFO[50] - result ->  9월 27 20:39:58 AICC-DevTrain crond[2341098]: (CRON) INFO (@reboot jobs will be run at computer's startup.)
2025-09-27 20:40:01.904 - INFO[50] - result -> 
2025-09-27 20:40:01.904 - INFO[63] - 	[  RUNNING  ]          ----->          crond
2025-09-27 20:40:01.904 - INFO[75] - ==============================================================================
2025-09-27 20:40:01.904 - INFO[76] - 대상 서비스 개수 : 3
2025-09-27 20:40:01.904 - INFO[77] - 정상 실행 중인 서비스 개수 : 3
2025-09-27 20:40:01.905 - INFO[78] - 비정상 실행 중인 서비스 개수 : 0
2025-09-27 20:40:01.905 - INFO[79] - ==============================================================================
2025-09-27 20:41:25.584 - INFO[53] - cmd: /DATA/dev_area/jamong/manage_pack/supervisor-kit/svctl status
2025-09-27 20:41:25.786 - INFO[79] - RUNNING [print_time]
2025-09-27 20:41:25.787 - INFO[41] - <<<<<<<<<<<<<<<<<<<<<<<<<<<<<< [ ENGINE LIST ] >>>>>>>>>>>>>>>>>>>>>>>>>>>>>>>

2025-09-27 20:41:25.787 - INFO[42] - ******************************************************************************
2025-09-27 20:41:25.787 - INFO[43] - ------------------------------------------------------------------------------
2025-09-27 20:41:25.823 - INFO[68] - 	[  RUNNING  ]          ----->          haproxy2.5
2025-09-27 20:41:25.823 - INFO[76] - ------------------------------------------------------------------------------
2025-09-27 20:41:25.823 - INFO[77] - ******************************************************************************

2025-09-27 20:41:25.926 - INFO[51] - result -> ['\xe2\x97\x8f', 'crond.service', '-', 'Command', 'Scheduler']
2025-09-27 20:41:25.926 - INFO[51] - result -> ['', '', '', '', '', 'Loaded:', 'loaded', '(/usr/lib/systemd/system/crond.service;', 'enabled;', 'preset:', 'enabled)']
2025-09-27 20:41:25.927 - INFO[51] - result -> ['', '', '', '', '', 'Active:', 'active', '(running)', 'since', 'Sat', '2025-09-27', '20:39:58', 'KST;', '1min', '27s', 'ago']
2025-09-27 20:41:25.927 - INFO[51] - result -> ['', '', '', 'Main', 'PID:', '2341098', '(crond)']
2025-09-27 20:41:25.927 - INFO[51] - result -> ['', '', '', '', '', '', 'Tasks:', '1', '(limit:', '818519)']
2025-09-27 20:41:25.927 - INFO[51] - result -> ['', '', '', '', '', 'Memory:', '992.0K']
2025-09-27 20:41:25.927 - INFO[51] - result -> ['', '', '', '', '', '', '', '', 'CPU:', '26ms']
2025-09-27 20:41:25.927 - INFO[51] - result -> ['', '', '', '', '', 'CGroup:', '/system.slice/crond.service']
2025-09-27 20:41:25.927 - INFO[51] - result -> ['', '', '', '', '', '', '', '', '', '', '', '', '', '\xe2\x94\x94\xe2\x94\x802341098', '/usr/sbin/crond', '-n']
2025-09-27 20:41:25.927 - INFO[51] - result -> ['']
2025-09-27 20:41:25.927 - INFO[51] - result -> ['', '9\xec\x9b\x94', '27', '20:39:58', 'AICC-DevTrain', 'systemd[1]:', 'Started', 'Command', 'Scheduler.']
2025-09-27 20:41:25.927 - INFO[51] - result -> ['', '9\xec\x9b\x94', '27', '20:39:58', 'AICC-DevTrain', 'crond[2341098]:', '(CRON)', 'STARTUP', '(1.5.7)']
2025-09-27 20:41:25.927 - INFO[51] - result -> ['', '9\xec\x9b\x94', '27', '20:39:58', 'AICC-DevTrain', 'crond[2341098]:', '(CRON)', 'INFO', '(Syslog', 'will', 'be', 'used', 'instead', 'of', 'sendmail.)']
2025-09-27 20:41:25.927 - INFO[51] - result -> ['', '9\xec\x9b\x94', '27', '20:39:58', 'AICC-DevTrain', 'crond[2341098]:', '(CRON)', 'INFO', '(RANDOM_DELAY', 'will', 'be', 'scaled', 'with', 'factor', '11%', 'if', 'used.)']
2025-09-27 20:41:25.927 - INFO[51] - result -> ['', '9\xec\x9b\x94', '27', '20:39:58', 'AICC-DevTrain', 'crond[2341098]:', '(CRON)', 'INFO', '(running', 'with', 'inotify', 'support)']
2025-09-27 20:41:25.927 - INFO[51] - result -> ['', '9\xec\x9b\x94', '27', '20:39:58', 'AICC-DevTrain', 'crond[2341098]:', '(CRON)', 'INFO', '(@reboot', 'jobs', 'will', 'be', 'run', 'at', "computer's", 'startup.)']
2025-09-27 20:41:25.927 - INFO[51] - result -> ['']
2025-09-27 20:41:25.927 - INFO[64] - 	[  RUNNING  ]          ----->          crond
2025-09-27 20:41:25.927 - INFO[75] - ==============================================================================
2025-09-27 20:41:25.927 - INFO[76] - 대상 서비스 개수 : 3
2025-09-27 20:41:25.928 - INFO[77] - 정상 실행 중인 서비스 개수 : 3
2025-09-27 20:41:25.928 - INFO[78] - 비정상 실행 중인 서비스 개수 : 0
2025-09-27 20:41:25.928 - INFO[79] - ==============================================================================
2025-09-27 20:41:47.850 - INFO[53] - cmd: /DATA/dev_area/jamong/manage_pack/supervisor-kit/svctl status
2025-09-27 20:41:48.053 - INFO[79] - RUNNING [print_time]
2025-09-27 20:41:48.054 - INFO[41] - <<<<<<<<<<<<<<<<<<<<<<<<<<<<<< [ ENGINE LIST ] >>>>>>>>>>>>>>>>>>>>>>>>>>>>>>>

2025-09-27 20:41:48.054 - INFO[42] - ******************************************************************************
2025-09-27 20:41:48.054 - INFO[43] - ------------------------------------------------------------------------------
2025-09-27 20:41:48.094 - INFO[68] - 	[  RUNNING  ]          ----->          haproxy2.5
2025-09-27 20:41:48.094 - INFO[76] - ------------------------------------------------------------------------------
2025-09-27 20:41:48.094 - INFO[77] - ******************************************************************************

2025-09-27 20:41:48.197 - INFO[51] - result -> ['\xe2\x97\x8f crond.service - Command Scheduler']
2025-09-27 20:41:48.198 - INFO[51] - result -> ['     Loaded', ' loaded (/usr/lib/systemd/system/crond.service; enabled; preset', ' enabled)']
2025-09-27 20:41:48.198 - INFO[51] - result -> ['     Active', ' active (running) since Sat 2025-09-27 20', '39', '58 KST; 1min 49s ago']
2025-09-27 20:41:48.198 - INFO[51] - result -> ['   Main PID', ' 2341098 (crond)']
2025-09-27 20:41:48.198 - INFO[51] - result -> ['      Tasks', ' 1 (limit', ' 818519)']
2025-09-27 20:41:48.198 - INFO[51] - result -> ['     Memory', ' 992.0K']
2025-09-27 20:41:48.198 - INFO[51] - result -> ['        CPU', ' 26ms']
2025-09-27 20:41:48.198 - INFO[51] - result -> ['     CGroup', ' /system.slice/crond.service']
2025-09-27 20:41:48.198 - INFO[51] - result -> ['             \xe2\x94\x94\xe2\x94\x802341098 /usr/sbin/crond -n']
2025-09-27 20:41:48.198 - INFO[51] - result -> ['']
2025-09-27 20:41:48.198 - INFO[51] - result -> [' 9\xec\x9b\x94 27 20', '39', '58 AICC-DevTrain systemd[1]', ' Started Command Scheduler.']
2025-09-27 20:41:48.198 - INFO[51] - result -> [' 9\xec\x9b\x94 27 20', '39', '58 AICC-DevTrain crond[2341098]', ' (CRON) STARTUP (1.5.7)']
2025-09-27 20:41:48.198 - INFO[51] - result -> [' 9\xec\x9b\x94 27 20', '39', '58 AICC-DevTrain crond[2341098]', ' (CRON) INFO (Syslog will be used instead of sendmail.)']
2025-09-27 20:41:48.198 - INFO[51] - result -> [' 9\xec\x9b\x94 27 20', '39', '58 AICC-DevTrain crond[2341098]', ' (CRON) INFO (RANDOM_DELAY will be scaled with factor 11% if used.)']
2025-09-27 20:41:48.198 - INFO[51] - result -> [' 9\xec\x9b\x94 27 20', '39', '58 AICC-DevTrain crond[2341098]', ' (CRON) INFO (running with inotify support)']
2025-09-27 20:41:48.198 - INFO[51] - result -> [' 9\xec\x9b\x94 27 20', '39', '58 AICC-DevTrain crond[2341098]', " (CRON) INFO (@reboot jobs will be run at computer's startup.)"]
2025-09-27 20:41:48.198 - INFO[51] - result -> ['']
2025-09-27 20:41:48.198 - INFO[64] - 	[  RUNNING  ]          ----->          crond
2025-09-27 20:41:48.199 - INFO[75] - ==============================================================================
2025-09-27 20:41:48.199 - INFO[76] - 대상 서비스 개수 : 3
2025-09-27 20:41:48.199 - INFO[77] - 정상 실행 중인 서비스 개수 : 3
2025-09-27 20:41:48.199 - INFO[78] - 비정상 실행 중인 서비스 개수 : 0
2025-09-27 20:41:48.199 - INFO[79] - ==============================================================================
2025-09-27 20:42:42.480 - INFO[53] - cmd: /DATA/dev_area/jamong/manage_pack/supervisor-kit/svctl status
2025-09-27 20:42:42.683 - INFO[79] - RUNNING [print_time]
2025-09-27 20:42:42.683 - INFO[41] - <<<<<<<<<<<<<<<<<<<<<<<<<<<<<< [ ENGINE LIST ] >>>>>>>>>>>>>>>>>>>>>>>>>>>>>>>

2025-09-27 20:42:42.683 - INFO[42] - ******************************************************************************
2025-09-27 20:42:42.683 - INFO[43] - ------------------------------------------------------------------------------
2025-09-27 20:42:42.721 - INFO[68] - 	[  RUNNING  ]          ----->          haproxy2.5
2025-09-27 20:42:42.721 - INFO[76] - ------------------------------------------------------------------------------
2025-09-27 20:42:42.721 - INFO[77] - ******************************************************************************

2025-09-27 20:42:42.824 - INFO[61] - 	[  RUNNING  ]          ----->          crond
2025-09-27 20:42:42.824 - INFO[75] - ==============================================================================
2025-09-27 20:42:42.824 - INFO[76] - 대상 서비스 개수 : 3
2025-09-27 20:42:42.824 - INFO[77] - 정상 실행 중인 서비스 개수 : 3
2025-09-27 20:42:42.825 - INFO[78] - 비정상 실행 중인 서비스 개수 : 0
2025-09-27 20:42:42.825 - INFO[79] - ==============================================================================
2025-09-27 20:44:45.381 - INFO[53] - cmd: /DATA/dev_area/jamong/manage_pack/supervisor-kit/svctl status
2025-09-27 20:44:45.584 - INFO[79] - RUNNING [print_time]
2025-09-27 20:44:45.584 - INFO[41] - <<<<<<<<<<<<<<<<<<<<<<<<<<<<<< [ ENGINE LIST ] >>>>>>>>>>>>>>>>>>>>>>>>>>>>>>>

2025-09-27 20:44:45.585 - INFO[42] - ******************************************************************************
2025-09-27 20:44:45.585 - INFO[43] - ------------------------------------------------------------------------------
2025-09-27 20:44:45.622 - INFO[68] - 	[  RUNNING  ]          ----->          haproxy2.5
2025-09-27 20:44:45.622 - INFO[76] - ------------------------------------------------------------------------------
2025-09-27 20:44:45.622 - INFO[77] - ******************************************************************************

2025-09-27 20:44:45.725 - INFO[61] - 	[  RUNNING  ]          ----->          crond
2025-09-27 20:44:45.726 - INFO[75] - ==============================================================================
2025-09-27 20:44:45.726 - INFO[76] - 대상 서비스 개수 : 3
2025-09-27 20:44:45.726 - INFO[77] - 정상 실행 중인 서비스 개수 : 3
2025-09-27 20:44:45.726 - INFO[78] - 비정상 실행 중인 서비스 개수 : 0
2025-09-27 20:44:45.726 - INFO[79] - ==============================================================================
