2025-10-01 21:06:41.919 - INFO[48] - ----------------------------------------------------------------------------------------------------
2025-10-01 21:06:41.919 - INFO[49] - [START] Restart service
2025-10-01 21:06:41.919 - INFO[50] - ----------------------------------------------------------------------------------------------------
2025-10-01 21:06:41.919 - ERROR[61] - Traceback (most recent call last):
  File "restart_service.py", line 56, in run
    c_svctl = Svctl(program_list)
TypeError: __init__() takes at least 3 arguments (2 given)

2025-10-01 21:06:41.919 - INFO[66] - [E N D] Start time = 2025-10-01 21:06:41.919551, The time required = 0:00:00.000303
2025-10-01 21:07:16.635 - INFO[48] - ----------------------------------------------------------------------------------------------------
2025-10-01 21:07:16.635 - INFO[49] - [START] Restart service
2025-10-01 21:07:16.635 - INFO[50] - ----------------------------------------------------------------------------------------------------
2025-10-01 21:07:16.635 - ERROR[61] - Traceback (most recent call last):
  File "restart_service.py", line 56, in run
    c_svctl = Svctl(program_list)
TypeError: __init__() takes at least 3 arguments (2 given)

2025-10-01 21:07:16.635 - INFO[66] - [E N D] Start time = 2025-10-01 21:07:16.635462, The time required = 0:00:00.000312
2025-10-01 21:07:54.215 - INFO[48] - ----------------------------------------------------------------------------------------------------
2025-10-01 21:07:54.215 - INFO[49] - [START] Restart service
2025-10-01 21:07:54.215 - INFO[50] - ----------------------------------------------------------------------------------------------------
2025-10-01 21:07:54.216 - ERROR[61] - Traceback (most recent call last):
  File "restart_service.py", line 57, in run
    c_svctl.control(self.log, action='stop')
AttributeError: Svctl instance has no attribute 'control'

2025-10-01 21:07:54.216 - INFO[66] - [E N D] Start time = 2025-10-01 21:07:54.215771, The time required = 0:00:00.000308
2025-10-01 21:08:32.358 - INFO[48] - ----------------------------------------------------------------------------------------------------
2025-10-01 21:08:32.358 - INFO[49] - [START] Restart service
2025-10-01 21:08:32.358 - INFO[50] - ----------------------------------------------------------------------------------------------------
2025-10-01 21:08:32.358 - ERROR[61] - Traceback (most recent call last):
  File "restart_service.py", line 57, in run
    c_svctl.control(action='stop')
AttributeError: Svctl instance has no attribute 'control'

2025-10-01 21:08:32.358 - INFO[66] - [E N D] Start time = 2025-10-01 21:08:32.358337, The time required = 0:00:00.000320
2025-10-01 21:08:36.471 - INFO[48] - ----------------------------------------------------------------------------------------------------
2025-10-01 21:08:36.471 - INFO[49] - [START] Restart service
2025-10-01 21:08:36.471 - INFO[50] - ----------------------------------------------------------------------------------------------------
2025-10-01 21:08:36.473 - ERROR[61] - Traceback (most recent call last):
  File "/DATA/dev_area/jamong/manage_pack/manage_service/restart_service.py", line 57, in run
    c_svctl.control(action='stop')
    ^^^^^^^^^^^^^^^
AttributeError: 'Svctl' object has no attribute 'control'

2025-10-01 21:08:36.473 - INFO[64] - [E N D] Start time = 2025-10-01 21:08:36.471050, The time required = 0:00:00.002107
2025-10-01 21:09:07.162 - INFO[48] - ----------------------------------------------------------------------------------------------------
2025-10-01 21:09:07.162 - INFO[49] - [START] Restart service
2025-10-01 21:09:07.162 - INFO[50] - ----------------------------------------------------------------------------------------------------
2025-10-01 21:09:07.162 - INFO[107] - STOP service ... ['print_time']
2025-10-01 21:09:07.162 - INFO[109] - ****************************************************************************************************
2025-10-01 21:09:07.162 - INFO[115] - 	--> Command: supervisor-kit/svctl stop print_time
2025-10-01 21:09:07.165 - ERROR[61] - Traceback (most recent call last):
  File "/DATA/dev_area/jamong/manage_pack/manage_service/restart_service.py", line 57, in run
    c_svctl.control(action='stop')
  File "/DATA/dev_area/jamong/manage_pack/manage_service/lib/control_svctl.py", line 119, in control
    if std_out is None and std_err is None:
       ^^^^^^^
NameError: name 'std_out' is not defined

2025-10-01 21:09:07.165 - INFO[64] - [E N D] Start time = 2025-10-01 21:09:07.162232, The time required = 0:00:00.003202
2025-10-01 21:09:51.904 - INFO[48] - ----------------------------------------------------------------------------------------------------
2025-10-01 21:09:51.904 - INFO[49] - [START] Restart service
2025-10-01 21:09:51.904 - INFO[50] - ----------------------------------------------------------------------------------------------------
2025-10-01 21:09:51.904 - INFO[107] - STOP service ... ['print_time']
2025-10-01 21:09:51.904 - INFO[109] - ****************************************************************************************************
2025-10-01 21:09:51.904 - INFO[115] - 	--> Command: supervisor-kit/svctl stop print_time
2025-10-01 21:09:51.906 - INFO[127] - 	--> Standard err:
2025-10-01 21:09:51.906 - INFO[128] - /bin/sh: 줄 1: supervisor-kit/svctl: 그런 파일이나 디렉터리가 없습니다
2025-10-01 21:09:51.906 - INFO[107] - START service ... ['print_time']
2025-10-01 21:09:51.906 - INFO[109] - ****************************************************************************************************
2025-10-01 21:09:51.906 - INFO[115] - 	--> Command: supervisor-kit/svctl start print_time
2025-10-01 21:09:51.907 - INFO[127] - 	--> Standard err:
2025-10-01 21:09:51.907 - INFO[128] - /bin/sh: 줄 1: supervisor-kit/svctl: 그런 파일이나 디렉터리가 없습니다
2025-10-01 21:09:51.907 - INFO[64] - [E N D] Start time = 2025-10-01 21:09:51.904104, The time required = 0:00:00.003705
2025-10-01 21:11:34.773 - INFO[48] - ----------------------------------------------------------------------------------------------------
2025-10-01 21:11:34.773 - INFO[49] - [START] Restart service
2025-10-01 21:11:34.773 - INFO[50] - ----------------------------------------------------------------------------------------------------
2025-10-01 21:11:34.773 - INFO[107] - STOP service ... ['print_time']
2025-10-01 21:11:34.773 - INFO[109] - ****************************************************************************************************
2025-10-01 21:11:34.773 - INFO[118] - 	--> Command: /DATA/dev_area/jamong/manage_pack/supervisor-kit/svctl status stop print_time
2025-10-01 21:11:34.882 - INFO[127] - 	--> Standard out:
2025-10-01 21:11:34.882 - INFO[128] - stop: ERROR (no such process)
print_time                       RUNNING   pid 3934982, uptime 0:57:16
2025-10-01 21:11:34.882 - INFO[107] - START service ... ['print_time']
2025-10-01 21:11:34.882 - INFO[109] - ****************************************************************************************************
2025-10-01 21:11:34.882 - INFO[118] - 	--> Command: /DATA/dev_area/jamong/manage_pack/supervisor-kit/svctl status start print_time
2025-10-01 21:11:34.992 - INFO[127] - 	--> Standard out:
2025-10-01 21:11:34.992 - INFO[128] - start: ERROR (no such process)
print_time                       RUNNING   pid 3934982, uptime 0:57:16
2025-10-01 21:11:34.992 - INFO[64] - [E N D] Start time = 2025-10-01 21:11:34.773222, The time required = 0:00:00.219424
2025-10-01 21:12:34.660 - INFO[48] - ----------------------------------------------------------------------------------------------------
2025-10-01 21:12:34.660 - INFO[49] - [START] Restart service
2025-10-01 21:12:34.660 - INFO[50] - ----------------------------------------------------------------------------------------------------
2025-10-01 21:12:34.660 - INFO[107] - STOP service ... ['print_time']
2025-10-01 21:12:34.661 - INFO[109] - ****************************************************************************************************
2025-10-01 21:12:34.661 - INFO[118] - 	--> Command: /DATA/dev_area/jamong/manage_pack/supervisor-kit/svctl stop print_time
2025-10-01 21:12:34.770 - INFO[127] - 	--> Standard out:
2025-10-01 21:12:34.770 - INFO[128] - print_time: stopped
2025-10-01 21:12:34.770 - INFO[107] - START service ... ['print_time']
2025-10-01 21:12:34.770 - INFO[109] - ****************************************************************************************************
2025-10-01 21:12:34.770 - INFO[118] - 	--> Command: /DATA/dev_area/jamong/manage_pack/supervisor-kit/svctl start print_time
2025-10-01 21:12:35.898 - INFO[127] - 	--> Standard out:
2025-10-01 21:12:35.899 - INFO[128] - print_time: started
2025-10-01 21:12:35.899 - INFO[64] - [E N D] Start time = 2025-10-01 21:12:34.660779, The time required = 0:00:01.238274
2025-10-01 21:16:48.107 - INFO[48] - ----------------------------------------------------------------------------------------------------
2025-10-01 21:16:48.107 - INFO[49] - [START] Restart service
2025-10-01 21:16:48.107 - INFO[50] - ----------------------------------------------------------------------------------------------------
2025-10-01 21:16:48.107 - INFO[107] - STOP service ... ['print_time']
2025-10-01 21:16:48.107 - INFO[109] - ****************************************************************************************************
2025-10-01 21:16:48.107 - INFO[118] - 	--> Command: /DATA/dev_area/jamong/manage_pack/supervisor-kit/svctl stop print_time
2025-10-01 21:16:48.218 - INFO[127] - 	--> Standard out:
2025-10-01 21:16:48.218 - INFO[128] - print_time: stopped
2025-10-01 21:16:48.218 - INFO[107] - START service ... ['print_time']
2025-10-01 21:16:48.218 - INFO[109] - ****************************************************************************************************
2025-10-01 21:16:48.218 - INFO[118] - 	--> Command: /DATA/dev_area/jamong/manage_pack/supervisor-kit/svctl start print_time
2025-10-01 21:16:49.349 - INFO[127] - 	--> Standard out:
2025-10-01 21:16:49.349 - INFO[128] - print_time: started
2025-10-01 21:16:49.349 - INFO[64] - [E N D] Start time = 2025-10-01 21:16:48.107564, The time required = 0:00:01.242169
2025-10-01 21:36:35.093 - INFO[48] - ----------------------------------------------------------------------------------------------------
2025-10-01 21:36:35.093 - INFO[49] - [START] Restart service
2025-10-01 21:36:35.093 - INFO[50] - ----------------------------------------------------------------------------------------------------
2025-10-01 21:36:35.093 - INFO[107] - STOP service ... ['print_time']
2025-10-01 21:36:35.093 - INFO[109] - ****************************************************************************************************
2025-10-01 21:36:35.093 - INFO[118] - 	--> Command: /DATA/dev_area/jamong/manage_pack/supervisor-kit/svctl stop print_time
2025-10-01 21:36:35.204 - INFO[127] - 	--> Standard out:
2025-10-01 21:36:35.204 - INFO[128] - print_time: stopped
2025-10-01 21:36:35.204 - INFO[107] - START service ... ['print_time']
2025-10-01 21:36:35.204 - INFO[109] - ****************************************************************************************************
2025-10-01 21:36:35.204 - INFO[118] - 	--> Command: /DATA/dev_area/jamong/manage_pack/supervisor-kit/svctl start print_time
2025-10-01 21:36:36.332 - INFO[127] - 	--> Standard out:
2025-10-01 21:36:36.332 - INFO[128] - print_time: started
2025-10-01 21:36:36.332 - INFO[64] - [E N D] Start time = 2025-10-01 21:36:35.093644, The time required = 0:00:01.238714
2025-10-01 21:46:17.691 - INFO[48] - ----------------------------------------------------------------------------------------------------
2025-10-01 21:46:17.691 - INFO[49] - [START] Restart service
2025-10-01 21:46:17.691 - INFO[50] - ----------------------------------------------------------------------------------------------------
2025-10-01 21:46:17.691 - INFO[107] - STOP service ... ['print_time']
2025-10-01 21:46:17.691 - INFO[109] - ****************************************************************************************************
2025-10-01 21:46:17.691 - INFO[118] - 	--> Command: /DATA/dev_area/jamong/manage_pack/supervisor-kit/svctl stop print_time
2025-10-01 21:46:17.804 - INFO[127] - 	--> Standard out:
2025-10-01 21:46:17.804 - INFO[128] - print_time: stopped
2025-10-01 21:46:17.804 - INFO[107] - START service ... ['print_time']
2025-10-01 21:46:17.804 - INFO[109] - ****************************************************************************************************
2025-10-01 21:46:17.804 - INFO[118] - 	--> Command: /DATA/dev_area/jamong/manage_pack/supervisor-kit/svctl start print_time
2025-10-01 21:46:18.934 - INFO[127] - 	--> Standard out:
2025-10-01 21:46:18.934 - INFO[128] - print_time: started
2025-10-01 21:46:18.934 - INFO[64] - [E N D] Start time = 2025-10-01 21:46:17.691388, The time required = 0:00:01.243418
2025-10-01 23:37:00.667 - INFO[48] - ----------------------------------------------------------------------------------------------------
2025-10-01 23:37:00.667 - INFO[49] - [START] Restart service
2025-10-01 23:37:00.667 - INFO[50] - ----------------------------------------------------------------------------------------------------
2025-10-01 23:37:00.667 - INFO[107] - STOP service ... ['print_time']
2025-10-01 23:37:00.667 - INFO[109] - ****************************************************************************************************
2025-10-01 23:37:00.667 - INFO[118] - 	--> Command: /home/jamong/supervisor-kit/svctl stop print_time
2025-10-01 23:37:00.668 - INFO[130] - 	--> Standard err:
2025-10-01 23:37:00.668 - INFO[131] - /bin/sh: 1: /home/jamong/supervisor-kit/svctl: not found
2025-10-01 23:37:00.668 - INFO[107] - START service ... ['print_time']
2025-10-01 23:37:00.668 - INFO[109] - ****************************************************************************************************
2025-10-01 23:37:00.668 - INFO[118] - 	--> Command: /home/jamong/supervisor-kit/svctl start print_time
2025-10-01 23:37:00.669 - INFO[130] - 	--> Standard err:
2025-10-01 23:37:00.669 - INFO[131] - /bin/sh: 1: /home/jamong/supervisor-kit/svctl: not found
2025-10-01 23:37:00.669 - INFO[64] - [E N D] Start time = 2025-10-01 23:37:00.667218, The time required = 0:00:00.002482
2025-10-01 23:37:12.491 - INFO[48] - ----------------------------------------------------------------------------------------------------
2025-10-01 23:37:12.491 - INFO[49] - [START] Restart service
2025-10-01 23:37:12.491 - INFO[50] - ----------------------------------------------------------------------------------------------------
2025-10-01 23:37:12.491 - INFO[107] - STOP service ... ['print_time']
2025-10-01 23:37:12.491 - INFO[109] - ****************************************************************************************************
2025-10-01 23:37:12.491 - INFO[118] - 	--> Command: /home/jamong/supervisor-kit/svctl stop print_time
2025-10-01 23:37:12.492 - INFO[130] - 	--> Standard err:
2025-10-01 23:37:12.492 - INFO[131] - /bin/sh: 1: /home/jamong/supervisor-kit/svctl: not found
2025-10-01 23:37:12.492 - INFO[107] - START service ... ['print_time']
2025-10-01 23:37:12.492 - INFO[109] - ****************************************************************************************************
2025-10-01 23:37:12.492 - INFO[118] - 	--> Command: /home/jamong/supervisor-kit/svctl start print_time
2025-10-01 23:37:12.493 - INFO[130] - 	--> Standard err:
2025-10-01 23:37:12.493 - INFO[131] - /bin/sh: 1: /home/jamong/supervisor-kit/svctl: not found
2025-10-01 23:37:12.493 - INFO[64] - [E N D] Start time = 2025-10-01 23:37:12.491239, The time required = 0:00:00.002155
